mode: set
github.com/FredericoBento/HandGame/cmd/main.go:64.13,67.16 3 0
github.com/FredericoBento/HandGame/cmd/main.go:67.16,70.3 2 0
github.com/FredericoBento/HandGame/cmd/main.go:72.2,73.16 2 0
github.com/FredericoBento/HandGame/cmd/main.go:73.16,76.3 2 0
github.com/FredericoBento/HandGame/cmd/main.go:77.2,102.16 13 0
github.com/FredericoBento/HandGame/cmd/main.go:102.16,105.3 2 0
github.com/FredericoBento/HandGame/cmd/main.go:107.2,107.48 1 0
github.com/FredericoBento/HandGame/cmd/main.go:107.48,108.28 1 0
github.com/FredericoBento/HandGame/cmd/main.go:108.28,110.18 2 0
github.com/FredericoBento/HandGame/cmd/main.go:110.18,112.5 1 0
github.com/FredericoBento/HandGame/cmd/main.go:112.10,114.38 2 0
github.com/FredericoBento/HandGame/cmd/main.go:114.38,116.20 2 0
github.com/FredericoBento/HandGame/cmd/main.go:116.20,118.7 1 0
github.com/FredericoBento/HandGame/cmd/main.go:124.2,125.16 2 0
github.com/FredericoBento/HandGame/cmd/main.go:125.16,127.3 1 0
github.com/FredericoBento/HandGame/cmd/main.go:129.2,129.28 1 0
github.com/FredericoBento/HandGame/cmd/main.go:132.67,133.29 1 0
github.com/FredericoBento/HandGame/cmd/main.go:134.16,136.17 2 0
github.com/FredericoBento/HandGame/cmd/main.go:136.17,138.4 1 0
github.com/FredericoBento/HandGame/cmd/main.go:139.3,140.17 2 0
github.com/FredericoBento/HandGame/cmd/main.go:140.17,142.4 1 0
github.com/FredericoBento/HandGame/cmd/main.go:143.10,144.59 1 0
github.com/FredericoBento/HandGame/cmd/main.go:147.2,147.16 1 0
github.com/FredericoBento/HandGame/cmd/main.go:150.82,151.41 1 0
github.com/FredericoBento/HandGame/cmd/main.go:152.18,153.85 1 0
github.com/FredericoBento/HandGame/cmd/main.go:155.15,156.79 1 0
github.com/FredericoBento/HandGame/cmd/main.go:158.18,159.82 1 0
github.com/FredericoBento/HandGame/cmd/main.go:161.10,162.106 1 0
github.com/FredericoBento/HandGame/cmd/main.go:166.51,168.16 2 0
github.com/FredericoBento/HandGame/cmd/main.go:168.16,170.3 1 0
github.com/FredericoBento/HandGame/cmd/main.go:171.2,172.51 2 0
github.com/FredericoBento/HandGame/cmd/main.go:172.51,174.3 1 0
github.com/FredericoBento/HandGame/cmd/main.go:176.2,176.20 1 0
github.com/FredericoBento/HandGame/cmd/main.go:179.42,188.30 6 0
github.com/FredericoBento/HandGame/cmd/main.go:188.30,189.24 1 0
github.com/FredericoBento/HandGame/cmd/main.go:189.24,192.4 2 0
github.com/FredericoBento/HandGame/cmd/main.go:195.2,196.17 2 0
github.com/FredericoBento/HandGame/cmd/main.go:196.17,199.68 3 0
github.com/FredericoBento/HandGame/cmd/main.go:199.68,202.4 2 0
github.com/FredericoBento/HandGame/cmd/main.go:203.3,203.20 1 0
github.com/FredericoBento/HandGame/cmd/main.go:203.20,205.4 1 0
github.com/FredericoBento/HandGame/cmd/main.go:205.9,207.4 1 0
github.com/FredericoBento/HandGame/cmd/main.go:210.2,210.28 1 0
github.com/FredericoBento/HandGame/cmd/main.go:213.17,214.12 1 0
github.com/FredericoBento/HandGame/cmd/main.go:214.12,216.3 1 0
github.com/FredericoBento/HandGame/internal/app/app.go:37.32,43.2 1 0
github.com/FredericoBento/HandGame/internal/app/app.go:45.38,47.2 1 0
github.com/FredericoBento/HandGame/internal/app/app.go:49.40,51.2 1 0
github.com/FredericoBento/HandGame/internal/app/app.go:53.36,55.2 1 0
github.com/FredericoBento/HandGame/internal/app/app.go:57.34,60.2 2 0
github.com/FredericoBento/HandGame/internal/app/app.go:62.40,64.2 1 0
github.com/FredericoBento/HandGame/internal/app/app.go:66.42,68.2 1 0
github.com/FredericoBento/HandGame/internal/app/app.go:70.39,72.2 1 0
github.com/FredericoBento/HandGame/internal/app/app.go:74.44,76.2 1 0
github.com/FredericoBento/HandGame/internal/app/app.go:97.61,103.30 2 0
github.com/FredericoBento/HandGame/internal/app/app.go:103.30,105.3 1 0
github.com/FredericoBento/HandGame/internal/app/app.go:107.2,107.20 1 0
github.com/FredericoBento/HandGame/internal/app/app.go:110.41,111.31 1 0
github.com/FredericoBento/HandGame/internal/app/app.go:111.31,113.3 1 0
github.com/FredericoBento/HandGame/internal/app/app.go:116.51,117.31 1 0
github.com/FredericoBento/HandGame/internal/app/app.go:117.31,119.3 1 0
github.com/FredericoBento/HandGame/internal/app/app.go:122.46,123.38 1 0
github.com/FredericoBento/HandGame/internal/app/app.go:123.38,125.3 1 0
github.com/FredericoBento/HandGame/internal/app/app.go:127.2,128.12 2 0
github.com/FredericoBento/HandGame/internal/app/app.go:131.56,134.2 2 0
github.com/FredericoBento/HandGame/internal/app/app.go:136.55,137.29 1 0
github.com/FredericoBento/HandGame/internal/app/app.go:137.29,139.3 1 0
github.com/FredericoBento/HandGame/internal/app/app.go:140.2,140.27 1 0
github.com/FredericoBento/HandGame/internal/app/app.go:143.54,144.30 1 0
github.com/FredericoBento/HandGame/internal/app/app.go:144.30,147.39 3 0
github.com/FredericoBento/HandGame/internal/app/app.go:147.39,149.4 1 0
github.com/FredericoBento/HandGame/internal/app/app.go:151.2,151.27 1 0
github.com/FredericoBento/HandGame/internal/app/app.go:154.56,155.30 1 0
github.com/FredericoBento/HandGame/internal/app/app.go:155.30,158.39 3 0
github.com/FredericoBento/HandGame/internal/app/app.go:158.39,160.4 1 0
github.com/FredericoBento/HandGame/internal/app/app.go:162.2,162.27 1 0
github.com/FredericoBento/HandGame/internal/app/app.go:165.53,167.30 2 0
github.com/FredericoBento/HandGame/internal/app/app.go:167.30,169.17 2 0
github.com/FredericoBento/HandGame/internal/app/app.go:169.17,172.4 2 0
github.com/FredericoBento/HandGame/internal/app/app.go:174.2,174.28 1 0
github.com/FredericoBento/HandGame/internal/app/app.go:174.28,176.3 1 0
github.com/FredericoBento/HandGame/internal/app/app.go:177.2,177.17 1 0
github.com/FredericoBento/HandGame/internal/app/app.go:180.44,182.16 2 0
github.com/FredericoBento/HandGame/internal/app/app.go:182.16,184.3 1 0
github.com/FredericoBento/HandGame/internal/app/app.go:186.2,186.24 1 0
github.com/FredericoBento/HandGame/internal/app/server.go:38.41,39.25 1 0
github.com/FredericoBento/HandGame/internal/app/server.go:39.25,41.3 1 0
github.com/FredericoBento/HandGame/internal/app/server.go:44.38,45.25 1 0
github.com/FredericoBento/HandGame/internal/app/server.go:45.25,47.3 1 0
github.com/FredericoBento/HandGame/internal/app/server.go:50.58,51.25 1 0
github.com/FredericoBento/HandGame/internal/app/server.go:51.25,53.3 1 0
github.com/FredericoBento/HandGame/internal/app/server.go:56.46,58.16 2 0
github.com/FredericoBento/HandGame/internal/app/server.go:58.16,60.3 1 0
github.com/FredericoBento/HandGame/internal/app/server.go:61.2,69.30 2 0
github.com/FredericoBento/HandGame/internal/app/server.go:69.30,71.3 1 0
github.com/FredericoBento/HandGame/internal/app/server.go:73.2,73.15 1 0
github.com/FredericoBento/HandGame/internal/app/server.go:76.101,82.2 1 0
github.com/FredericoBento/HandGame/internal/app/server.go:84.31,88.16 3 0
github.com/FredericoBento/HandGame/internal/app/server.go:88.16,92.3 3 0
github.com/FredericoBento/HandGame/internal/app/server.go:94.2,94.12 1 0
github.com/FredericoBento/HandGame/internal/app/server.go:97.38,98.35 1 0
github.com/FredericoBento/HandGame/internal/app/server.go:98.35,100.3 1 0
github.com/FredericoBento/HandGame/internal/app/server.go:102.2,134.12 14 0
github.com/FredericoBento/HandGame/internal/app/server.go:137.30,147.12 4 0
github.com/FredericoBento/HandGame/internal/app/server.go:147.12,150.17 2 0
github.com/FredericoBento/HandGame/internal/app/server.go:150.17,152.4 1 0
github.com/FredericoBento/HandGame/internal/app/server.go:155.2,155.12 1 0
github.com/FredericoBento/HandGame/internal/app/server.go:158.35,161.2 2 0
github.com/FredericoBento/HandGame/internal/app/server.go:163.51,165.2 1 0
github.com/FredericoBento/HandGame/internal/app/server.go:167.53,169.2 1 0
github.com/FredericoBento/HandGame/internal/app/admin/admin.go:25.74,27.16 2 0
github.com/FredericoBento/HandGame/internal/app/admin/admin.go:27.16,30.3 2 0
github.com/FredericoBento/HandGame/internal/app/admin/admin.go:32.2,38.3 1 0
github.com/FredericoBento/HandGame/internal/app/admin/admin.go:41.35,42.26 1 0
github.com/FredericoBento/HandGame/internal/app/admin/admin.go:42.26,44.3 1 0
github.com/FredericoBento/HandGame/internal/app/admin/admin.go:46.2,47.41 2 0
github.com/FredericoBento/HandGame/internal/app/admin/admin.go:47.41,50.3 2 0
github.com/FredericoBento/HandGame/internal/app/admin/admin.go:51.2,54.12 3 0
github.com/FredericoBento/HandGame/internal/app/admin/admin.go:57.34,65.2 5 0
github.com/FredericoBento/HandGame/internal/app/admin/admin.go:67.41,68.29 1 0
github.com/FredericoBento/HandGame/internal/app/admin/admin.go:68.29,70.3 1 0
github.com/FredericoBento/HandGame/internal/app/admin/admin.go:72.2,82.12 5 0
github.com/FredericoBento/HandGame/internal/app/admin/admin.go:85.36,93.2 5 0
github.com/FredericoBento/HandGame/internal/app/admin/admin.go:95.41,97.2 1 0
github.com/FredericoBento/HandGame/internal/app/admin/admin.go:99.54,101.2 1 0
github.com/FredericoBento/HandGame/internal/app/admin/admin.go:103.60,105.16 2 0
github.com/FredericoBento/HandGame/internal/app/admin/admin.go:105.16,107.3 1 0
github.com/FredericoBento/HandGame/internal/app/admin/admin.go:108.2,108.18 1 0
github.com/FredericoBento/HandGame/internal/app/dummyapp/dummyapp.go:24.74,26.16 2 0
github.com/FredericoBento/HandGame/internal/app/dummyapp/dummyapp.go:26.16,29.3 2 0
github.com/FredericoBento/HandGame/internal/app/dummyapp/dummyapp.go:31.2,37.3 1 0
github.com/FredericoBento/HandGame/internal/app/dummyapp/dummyapp.go:40.35,45.2 4 0
github.com/FredericoBento/HandGame/internal/app/dummyapp/dummyapp.go:47.34,52.2 4 0
github.com/FredericoBento/HandGame/internal/app/dummyapp/dummyapp.go:54.36,55.41 1 0
github.com/FredericoBento/HandGame/internal/app/dummyapp/dummyapp.go:55.41,57.3 1 0
github.com/FredericoBento/HandGame/internal/app/dummyapp/dummyapp.go:58.2,61.12 4 0
github.com/FredericoBento/HandGame/internal/app/dummyapp/dummyapp.go:64.54,66.2 1 0
github.com/FredericoBento/HandGame/internal/app/dummyapp/dummyapp.go:68.41,70.2 1 0
github.com/FredericoBento/HandGame/internal/app/dummyapp/dummyapp.go:72.60,74.16 2 0
github.com/FredericoBento/HandGame/internal/app/dummyapp/dummyapp.go:74.16,76.3 1 0
github.com/FredericoBento/HandGame/internal/app/dummyapp/dummyapp.go:77.2,77.18 1 0
github.com/FredericoBento/HandGame/internal/app/handgame/handgame.go:26.80,28.16 2 0
github.com/FredericoBento/HandGame/internal/app/handgame/handgame.go:28.16,31.3 2 0
github.com/FredericoBento/HandGame/internal/app/handgame/handgame.go:33.2,39.3 1 0
github.com/FredericoBento/HandGame/internal/app/handgame/handgame.go:42.39,45.16 3 0
github.com/FredericoBento/HandGame/internal/app/handgame/handgame.go:45.16,49.3 3 0
github.com/FredericoBento/HandGame/internal/app/handgame/handgame.go:50.2,52.12 3 0
github.com/FredericoBento/HandGame/internal/app/handgame/handgame.go:55.45,56.30 1 0
github.com/FredericoBento/HandGame/internal/app/handgame/handgame.go:56.30,58.3 1 0
github.com/FredericoBento/HandGame/internal/app/handgame/handgame.go:60.2,68.12 3 0
github.com/FredericoBento/HandGame/internal/app/handgame/handgame.go:71.38,79.2 5 0
github.com/FredericoBento/HandGame/internal/app/handgame/handgame.go:81.40,82.42 1 0
github.com/FredericoBento/HandGame/internal/app/handgame/handgame.go:82.42,85.3 2 0
github.com/FredericoBento/HandGame/internal/app/handgame/handgame.go:86.2,92.12 5 0
github.com/FredericoBento/HandGame/internal/app/handgame/handgame.go:95.45,97.2 1 0
github.com/FredericoBento/HandGame/internal/app/handgame/handgame.go:99.57,101.2 1 0
github.com/FredericoBento/HandGame/internal/app/handgame/handgame.go:103.63,105.16 2 0
github.com/FredericoBento/HandGame/internal/app/handgame/handgame.go:105.16,107.3 1 0
github.com/FredericoBento/HandGame/internal/app/handgame/handgame.go:108.2,108.18 1 0
github.com/FredericoBento/HandGame/internal/app/app.go:37.32,43.2 1 0
github.com/FredericoBento/HandGame/internal/app/app.go:45.38,47.2 1 0
github.com/FredericoBento/HandGame/internal/app/app.go:49.40,51.2 1 0
github.com/FredericoBento/HandGame/internal/app/app.go:53.36,55.2 1 0
github.com/FredericoBento/HandGame/internal/app/app.go:57.34,60.2 2 0
github.com/FredericoBento/HandGame/internal/app/app.go:62.40,64.2 1 0
github.com/FredericoBento/HandGame/internal/app/app.go:66.42,68.2 1 0
github.com/FredericoBento/HandGame/internal/app/app.go:70.39,72.2 1 0
github.com/FredericoBento/HandGame/internal/app/app.go:74.44,76.2 1 0
github.com/FredericoBento/HandGame/internal/app/app.go:97.61,103.30 2 0
github.com/FredericoBento/HandGame/internal/app/app.go:103.30,105.3 1 0
github.com/FredericoBento/HandGame/internal/app/app.go:107.2,107.20 1 0
github.com/FredericoBento/HandGame/internal/app/app.go:110.41,111.31 1 0
github.com/FredericoBento/HandGame/internal/app/app.go:111.31,113.3 1 0
github.com/FredericoBento/HandGame/internal/app/app.go:116.51,117.31 1 0
github.com/FredericoBento/HandGame/internal/app/app.go:117.31,119.3 1 0
github.com/FredericoBento/HandGame/internal/app/app.go:122.46,123.38 1 0
github.com/FredericoBento/HandGame/internal/app/app.go:123.38,125.3 1 0
github.com/FredericoBento/HandGame/internal/app/app.go:127.2,128.12 2 0
github.com/FredericoBento/HandGame/internal/app/app.go:131.56,134.2 2 0
github.com/FredericoBento/HandGame/internal/app/app.go:136.55,137.29 1 0
github.com/FredericoBento/HandGame/internal/app/app.go:137.29,139.3 1 0
github.com/FredericoBento/HandGame/internal/app/app.go:140.2,140.27 1 0
github.com/FredericoBento/HandGame/internal/app/app.go:143.54,144.30 1 0
github.com/FredericoBento/HandGame/internal/app/app.go:144.30,147.39 3 0
github.com/FredericoBento/HandGame/internal/app/app.go:147.39,149.4 1 0
github.com/FredericoBento/HandGame/internal/app/app.go:151.2,151.27 1 0
github.com/FredericoBento/HandGame/internal/app/app.go:154.56,155.30 1 0
github.com/FredericoBento/HandGame/internal/app/app.go:155.30,158.39 3 0
github.com/FredericoBento/HandGame/internal/app/app.go:158.39,160.4 1 0
github.com/FredericoBento/HandGame/internal/app/app.go:162.2,162.27 1 0
github.com/FredericoBento/HandGame/internal/app/app.go:165.53,167.30 2 0
github.com/FredericoBento/HandGame/internal/app/app.go:167.30,169.17 2 0
github.com/FredericoBento/HandGame/internal/app/app.go:169.17,172.4 2 0
github.com/FredericoBento/HandGame/internal/app/app.go:174.2,174.28 1 0
github.com/FredericoBento/HandGame/internal/app/app.go:174.28,176.3 1 0
github.com/FredericoBento/HandGame/internal/app/app.go:177.2,177.17 1 0
github.com/FredericoBento/HandGame/internal/app/app.go:180.44,182.16 2 0
github.com/FredericoBento/HandGame/internal/app/app.go:182.16,184.3 1 0
github.com/FredericoBento/HandGame/internal/app/app.go:186.2,186.24 1 0
github.com/FredericoBento/HandGame/internal/app/server.go:38.41,39.25 1 0
github.com/FredericoBento/HandGame/internal/app/server.go:39.25,41.3 1 0
github.com/FredericoBento/HandGame/internal/app/server.go:44.38,45.25 1 0
github.com/FredericoBento/HandGame/internal/app/server.go:45.25,47.3 1 0
github.com/FredericoBento/HandGame/internal/app/server.go:50.58,51.25 1 0
github.com/FredericoBento/HandGame/internal/app/server.go:51.25,53.3 1 0
github.com/FredericoBento/HandGame/internal/app/server.go:56.46,58.16 2 0
github.com/FredericoBento/HandGame/internal/app/server.go:58.16,60.3 1 0
github.com/FredericoBento/HandGame/internal/app/server.go:61.2,69.30 2 0
github.com/FredericoBento/HandGame/internal/app/server.go:69.30,71.3 1 0
github.com/FredericoBento/HandGame/internal/app/server.go:73.2,73.15 1 0
github.com/FredericoBento/HandGame/internal/app/server.go:76.101,82.2 1 0
github.com/FredericoBento/HandGame/internal/app/server.go:84.31,88.16 3 0
github.com/FredericoBento/HandGame/internal/app/server.go:88.16,92.3 3 0
github.com/FredericoBento/HandGame/internal/app/server.go:94.2,94.12 1 0
github.com/FredericoBento/HandGame/internal/app/server.go:97.38,98.35 1 0
github.com/FredericoBento/HandGame/internal/app/server.go:98.35,100.3 1 0
github.com/FredericoBento/HandGame/internal/app/server.go:102.2,134.12 14 0
github.com/FredericoBento/HandGame/internal/app/server.go:137.30,147.12 4 0
github.com/FredericoBento/HandGame/internal/app/server.go:147.12,150.17 2 0
github.com/FredericoBento/HandGame/internal/app/server.go:150.17,152.4 1 0
github.com/FredericoBento/HandGame/internal/app/server.go:155.2,155.12 1 0
github.com/FredericoBento/HandGame/internal/app/server.go:158.35,161.2 2 0
github.com/FredericoBento/HandGame/internal/app/server.go:163.51,165.2 1 0
github.com/FredericoBento/HandGame/internal/app/server.go:167.53,169.2 1 0
github.com/FredericoBento/HandGame/internal/handler/admin.go:37.92,38.15 1 0
github.com/FredericoBento/HandGame/internal/handler/admin.go:38.15,40.3 1 0
github.com/FredericoBento/HandGame/internal/handler/admin.go:41.2,41.24 1 0
github.com/FredericoBento/HandGame/internal/handler/admin.go:41.24,43.3 1 0
github.com/FredericoBento/HandGame/internal/handler/admin.go:45.2,46.16 2 0
github.com/FredericoBento/HandGame/internal/handler/admin.go:46.16,49.3 2 0
github.com/FredericoBento/HandGame/internal/handler/admin.go:51.2,60.3 4 0
github.com/FredericoBento/HandGame/internal/handler/admin.go:63.75,64.18 1 0
github.com/FredericoBento/HandGame/internal/handler/admin.go:65.22,66.15 1 0
github.com/FredericoBento/HandGame/internal/handler/admin.go:70.69,72.29 2 0
github.com/FredericoBento/HandGame/internal/handler/admin.go:74.10,76.9 2 0
github.com/FredericoBento/HandGame/internal/handler/admin.go:78.19,79.24 1 0
github.com/FredericoBento/HandGame/internal/handler/admin.go:81.15,82.20 1 0
github.com/FredericoBento/HandGame/internal/handler/admin.go:84.10,87.9 3 0
github.com/FredericoBento/HandGame/internal/handler/admin.go:92.70,94.29 2 0
github.com/FredericoBento/HandGame/internal/handler/admin.go:95.19,96.24 1 0
github.com/FredericoBento/HandGame/internal/handler/admin.go:100.78,102.17 2 0
github.com/FredericoBento/HandGame/internal/handler/admin.go:102.17,104.17 2 0
github.com/FredericoBento/HandGame/internal/handler/admin.go:105.16,107.10 2 0
github.com/FredericoBento/HandGame/internal/handler/admin.go:109.15,111.10 2 0
github.com/FredericoBento/HandGame/internal/handler/admin.go:113.17,115.10 2 0
github.com/FredericoBento/HandGame/internal/handler/admin.go:117.15,119.10 2 0
github.com/FredericoBento/HandGame/internal/handler/admin.go:121.11,123.10 2 0
github.com/FredericoBento/HandGame/internal/handler/admin.go:127.2,130.4 1 0
github.com/FredericoBento/HandGame/internal/handler/admin.go:133.74,135.16 2 0
github.com/FredericoBento/HandGame/internal/handler/admin.go:135.16,138.3 2 0
github.com/FredericoBento/HandGame/internal/handler/admin.go:140.2,143.4 1 0
github.com/FredericoBento/HandGame/internal/handler/admin.go:147.87,148.44 1 0
github.com/FredericoBento/HandGame/internal/handler/admin.go:148.44,149.20 1 0
github.com/FredericoBento/HandGame/internal/handler/admin.go:149.20,155.4 2 0
github.com/FredericoBento/HandGame/internal/handler/admin.go:158.2,159.8 2 0
github.com/FredericoBento/HandGame/internal/handler/admin.go:162.88,163.44 1 0
github.com/FredericoBento/HandGame/internal/handler/admin.go:163.44,164.20 1 0
github.com/FredericoBento/HandGame/internal/handler/admin.go:164.20,165.34 1 0
github.com/FredericoBento/HandGame/internal/handler/admin.go:165.34,167.5 1 0
github.com/FredericoBento/HandGame/internal/handler/admin.go:167.10,169.19 2 0
github.com/FredericoBento/HandGame/internal/handler/admin.go:169.19,172.6 2 0
github.com/FredericoBento/HandGame/internal/handler/admin.go:175.4,179.10 2 0
github.com/FredericoBento/HandGame/internal/handler/admin.go:183.2,184.8 2 0
github.com/FredericoBento/HandGame/internal/handler/admin.go:187.87,188.44 1 0
github.com/FredericoBento/HandGame/internal/handler/admin.go:188.44,189.20 1 0
github.com/FredericoBento/HandGame/internal/handler/admin.go:189.20,190.36 1 0
github.com/FredericoBento/HandGame/internal/handler/admin.go:190.36,192.5 1 0
github.com/FredericoBento/HandGame/internal/handler/admin.go:192.10,194.19 2 0
github.com/FredericoBento/HandGame/internal/handler/admin.go:194.19,197.6 2 0
github.com/FredericoBento/HandGame/internal/handler/admin.go:200.4,204.10 2 0
github.com/FredericoBento/HandGame/internal/handler/admin.go:208.2,209.8 2 0
github.com/FredericoBento/HandGame/internal/handler/admin.go:212.89,213.44 1 0
github.com/FredericoBento/HandGame/internal/handler/admin.go:213.44,214.20 1 0
github.com/FredericoBento/HandGame/internal/handler/admin.go:214.20,215.34 1 0
github.com/FredericoBento/HandGame/internal/handler/admin.go:215.34,217.5 1 0
github.com/FredericoBento/HandGame/internal/handler/admin.go:217.10,219.19 2 0
github.com/FredericoBento/HandGame/internal/handler/admin.go:219.19,222.6 2 0
github.com/FredericoBento/HandGame/internal/handler/admin.go:225.4,229.10 2 0
github.com/FredericoBento/HandGame/internal/handler/admin.go:233.2,234.8 2 0
github.com/FredericoBento/HandGame/internal/handler/admin.go:242.92,244.15 1 0
github.com/FredericoBento/HandGame/internal/handler/admin.go:244.15,246.3 1 0
github.com/FredericoBento/HandGame/internal/handler/admin.go:246.8,248.3 1 0
github.com/FredericoBento/HandGame/internal/handler/auth.go:24.104,25.24 1 0
github.com/FredericoBento/HandGame/internal/handler/auth.go:25.24,27.3 1 0
github.com/FredericoBento/HandGame/internal/handler/auth.go:29.2,29.24 1 0
github.com/FredericoBento/HandGame/internal/handler/auth.go:29.24,31.3 1 0
github.com/FredericoBento/HandGame/internal/handler/auth.go:33.2,34.16 2 0
github.com/FredericoBento/HandGame/internal/handler/auth.go:34.16,37.3 2 0
github.com/FredericoBento/HandGame/internal/handler/auth.go:39.2,43.3 1 0
github.com/FredericoBento/HandGame/internal/handler/auth.go:46.74,47.20 1 0
github.com/FredericoBento/HandGame/internal/handler/auth.go:48.18,49.18 1 0
github.com/FredericoBento/HandGame/internal/handler/auth.go:50.18,51.18 1 0
github.com/FredericoBento/HandGame/internal/handler/auth.go:52.17,53.21 1 0
github.com/FredericoBento/HandGame/internal/handler/auth.go:54.10,56.37 2 0
github.com/FredericoBento/HandGame/internal/handler/auth.go:60.71,61.18 1 0
github.com/FredericoBento/HandGame/internal/handler/auth.go:62.22,63.21 1 0
github.com/FredericoBento/HandGame/internal/handler/auth.go:64.23,65.22 1 0
github.com/FredericoBento/HandGame/internal/handler/auth.go:69.71,70.18 1 0
github.com/FredericoBento/HandGame/internal/handler/auth.go:71.22,72.21 1 0
github.com/FredericoBento/HandGame/internal/handler/auth.go:73.23,74.22 1 0
github.com/FredericoBento/HandGame/internal/handler/auth.go:78.74,79.32 1 0
github.com/FredericoBento/HandGame/internal/handler/auth.go:79.32,82.3 2 0
github.com/FredericoBento/HandGame/internal/handler/auth.go:84.2,85.31 2 0
github.com/FredericoBento/HandGame/internal/handler/auth.go:85.31,87.32 2 0
github.com/FredericoBento/HandGame/internal/handler/auth.go:87.32,88.45 1 0
github.com/FredericoBento/HandGame/internal/handler/auth.go:88.45,92.5 2 0
github.com/FredericoBento/HandGame/internal/handler/auth.go:92.10,96.5 2 0
github.com/FredericoBento/HandGame/internal/handler/auth.go:100.2,103.4 1 0
github.com/FredericoBento/HandGame/internal/handler/auth.go:106.75,118.79 6 0
github.com/FredericoBento/HandGame/internal/handler/auth.go:118.79,121.3 2 0
github.com/FredericoBento/HandGame/internal/handler/auth.go:123.2,124.16 2 0
github.com/FredericoBento/HandGame/internal/handler/auth.go:124.16,127.3 2 0
github.com/FredericoBento/HandGame/internal/handler/auth.go:130.2,130.54 1 0
github.com/FredericoBento/HandGame/internal/handler/auth.go:134.74,135.32 1 0
github.com/FredericoBento/HandGame/internal/handler/auth.go:135.32,138.3 2 0
github.com/FredericoBento/HandGame/internal/handler/auth.go:140.2,140.27 1 0
github.com/FredericoBento/HandGame/internal/handler/auth.go:140.27,143.3 2 0
github.com/FredericoBento/HandGame/internal/handler/auth.go:145.2,146.31 2 0
github.com/FredericoBento/HandGame/internal/handler/auth.go:146.31,148.32 2 0
github.com/FredericoBento/HandGame/internal/handler/auth.go:148.32,149.45 1 0
github.com/FredericoBento/HandGame/internal/handler/auth.go:149.45,153.5 2 0
github.com/FredericoBento/HandGame/internal/handler/auth.go:153.10,157.5 2 0
github.com/FredericoBento/HandGame/internal/handler/auth.go:161.2,164.4 1 0
github.com/FredericoBento/HandGame/internal/handler/auth.go:167.74,169.16 2 0
github.com/FredericoBento/HandGame/internal/handler/auth.go:169.16,172.3 2 0
github.com/FredericoBento/HandGame/internal/handler/auth.go:174.2,175.41 2 0
github.com/FredericoBento/HandGame/internal/handler/auth.go:175.41,179.3 3 0
github.com/FredericoBento/HandGame/internal/handler/auth.go:179.9,181.3 0 0
github.com/FredericoBento/HandGame/internal/handler/auth.go:183.2,184.28 2 0
github.com/FredericoBento/HandGame/internal/handler/auth.go:187.75,197.48 5 0
github.com/FredericoBento/HandGame/internal/handler/auth.go:197.48,200.3 2 0
github.com/FredericoBento/HandGame/internal/handler/auth.go:202.2,203.16 2 0
github.com/FredericoBento/HandGame/internal/handler/auth.go:203.16,207.3 3 0
github.com/FredericoBento/HandGame/internal/handler/auth.go:209.2,209.13 1 0
github.com/FredericoBento/HandGame/internal/handler/auth.go:209.13,213.3 3 0
github.com/FredericoBento/HandGame/internal/handler/auth.go:215.2,216.16 2 0
github.com/FredericoBento/HandGame/internal/handler/auth.go:216.16,220.3 3 0
github.com/FredericoBento/HandGame/internal/handler/auth.go:222.2,222.14 1 0
github.com/FredericoBento/HandGame/internal/handler/auth.go:222.14,224.17 2 0
github.com/FredericoBento/HandGame/internal/handler/auth.go:224.17,228.4 3 0
github.com/FredericoBento/HandGame/internal/handler/auth.go:230.3,237.41 3 0
github.com/FredericoBento/HandGame/internal/handler/auth.go:237.41,240.4 2 0
github.com/FredericoBento/HandGame/internal/handler/auth.go:241.3,242.9 2 0
github.com/FredericoBento/HandGame/internal/handler/auth.go:251.86,252.15 1 0
github.com/FredericoBento/HandGame/internal/handler/auth.go:252.15,254.3 1 0
github.com/FredericoBento/HandGame/internal/handler/auth.go:254.8,257.3 2 0
github.com/FredericoBento/HandGame/internal/handler/home.go:15.36,23.2 4 0
github.com/FredericoBento/HandGame/internal/handler/home.go:25.74,26.18 1 0
github.com/FredericoBento/HandGame/internal/handler/home.go:27.22,28.15 1 0
github.com/FredericoBento/HandGame/internal/handler/home.go:32.68,39.2 1 0
github.com/FredericoBento/HandGame/internal/handler/home.go:47.90,49.15 1 0
github.com/FredericoBento/HandGame/internal/handler/home.go:49.15,51.3 1 0
github.com/FredericoBento/HandGame/internal/handler/home.go:51.8,53.3 1 0
github.com/FredericoBento/HandGame/internal/handler/utils.go:5.35,6.42 1 0
github.com/FredericoBento/HandGame/internal/handler/utils.go:6.42,8.3 1 0
github.com/FredericoBento/HandGame/internal/handler/utils.go:8.8,10.3 1 0
github.com/FredericoBento/HandGame/internal/handler/utils.go:13.69,14.15 1 0
github.com/FredericoBento/HandGame/internal/handler/utils.go:14.15,16.3 1 0
github.com/FredericoBento/HandGame/internal/handler/utils.go:16.8,18.3 1 0
github.com/FredericoBento/HandGame/internal/logger/logger.go:27.87,28.16 1 0
github.com/FredericoBento/HandGame/internal/logger/logger.go:28.16,31.3 2 0
github.com/FredericoBento/HandGame/internal/logger/logger.go:33.2,33.47 1 0
github.com/FredericoBento/HandGame/internal/logger/logger.go:36.91,37.16 1 0
github.com/FredericoBento/HandGame/internal/logger/logger.go:37.16,40.3 2 0
github.com/FredericoBento/HandGame/internal/logger/logger.go:42.2,42.47 1 0
github.com/FredericoBento/HandGame/internal/logger/logger.go:46.91,47.16 1 0
github.com/FredericoBento/HandGame/internal/logger/logger.go:47.16,50.3 2 0
github.com/FredericoBento/HandGame/internal/logger/logger.go:52.2,52.47 1 0
github.com/FredericoBento/HandGame/internal/logger/logger.go:56.90,57.16 1 0
github.com/FredericoBento/HandGame/internal/logger/logger.go:57.16,60.3 2 0
github.com/FredericoBento/HandGame/internal/logger/logger.go:62.2,62.47 1 0
github.com/FredericoBento/HandGame/internal/logger/logger.go:65.95,66.16 1 0
github.com/FredericoBento/HandGame/internal/logger/logger.go:66.16,67.17 1 0
github.com/FredericoBento/HandGame/internal/logger/logger.go:68.17,70.24 2 0
github.com/FredericoBento/HandGame/internal/logger/logger.go:75.2,75.47 1 0
github.com/FredericoBento/HandGame/internal/logger/logger.go:78.55,80.16 2 0
github.com/FredericoBento/HandGame/internal/logger/logger.go:80.16,82.3 1 0
github.com/FredericoBento/HandGame/internal/logger/logger.go:84.2,86.63 3 0
github.com/FredericoBento/HandGame/internal/logger/logger.go:86.63,87.17 1 0
github.com/FredericoBento/HandGame/internal/logger/logger.go:87.17,88.12 1 0
github.com/FredericoBento/HandGame/internal/logger/logger.go:90.3,91.17 2 0
github.com/FredericoBento/HandGame/internal/logger/logger.go:91.17,93.4 1 0
github.com/FredericoBento/HandGame/internal/logger/logger.go:94.3,94.30 1 0
github.com/FredericoBento/HandGame/internal/logger/logger.go:97.2,97.18 1 0
github.com/FredericoBento/HandGame/internal/logger/logger.go:100.86,102.16 2 0
github.com/FredericoBento/HandGame/internal/logger/logger.go:102.16,104.3 1 0
github.com/FredericoBento/HandGame/internal/logger/logger.go:106.2,113.19 4 0
github.com/FredericoBento/HandGame/internal/logger/logger.go:113.19,117.3 2 0
github.com/FredericoBento/HandGame/internal/logger/logger.go:117.8,119.3 1 0
github.com/FredericoBento/HandGame/internal/logger/logger.go:121.2,122.20 2 0
github.com/FredericoBento/HandGame/internal/logger/logger.go:125.52,126.62 1 0
github.com/FredericoBento/HandGame/internal/logger/logger.go:126.62,128.3 1 0
github.com/FredericoBento/HandGame/internal/logger/logger.go:130.2,130.24 1 0
github.com/FredericoBento/HandGame/internal/logger/multihandler.go:13.62,15.2 1 0
github.com/FredericoBento/HandGame/internal/logger/multihandler.go:18.73,19.37 1 0
github.com/FredericoBento/HandGame/internal/logger/multihandler.go:19.37,20.36 1 0
github.com/FredericoBento/HandGame/internal/logger/multihandler.go:20.36,21.49 1 0
github.com/FredericoBento/HandGame/internal/logger/multihandler.go:21.49,23.5 1 0
github.com/FredericoBento/HandGame/internal/logger/multihandler.go:26.2,26.12 1 0
github.com/FredericoBento/HandGame/internal/logger/multihandler.go:30.66,32.37 2 0
github.com/FredericoBento/HandGame/internal/logger/multihandler.go:32.37,34.3 1 0
github.com/FredericoBento/HandGame/internal/logger/multihandler.go:35.2,35.45 1 0
github.com/FredericoBento/HandGame/internal/logger/multihandler.go:39.60,41.37 2 0
github.com/FredericoBento/HandGame/internal/logger/multihandler.go:41.37,43.3 1 0
github.com/FredericoBento/HandGame/internal/logger/multihandler.go:44.2,44.45 1 0
github.com/FredericoBento/HandGame/internal/logger/multihandler.go:47.76,48.37 1 0
github.com/FredericoBento/HandGame/internal/logger/multihandler.go:48.37,49.34 1 0
github.com/FredericoBento/HandGame/internal/logger/multihandler.go:49.34,51.4 1 0
github.com/FredericoBento/HandGame/internal/logger/multihandler.go:53.2,53.14 1 0
github.com/FredericoBento/HandGame/internal/middleware/auth.go:15.52,17.2 1 0
github.com/FredericoBento/HandGame/internal/middleware/auth.go:19.53,20.24 1 0
github.com/FredericoBento/HandGame/internal/middleware/auth.go:20.24,22.3 1 0
github.com/FredericoBento/HandGame/internal/middleware/auth.go:23.2,23.71 1 0
github.com/FredericoBento/HandGame/internal/middleware/auth.go:23.71,26.17 2 0
github.com/FredericoBento/HandGame/internal/middleware/auth.go:26.17,30.4 2 0
github.com/FredericoBento/HandGame/internal/middleware/auth.go:32.3,33.16 2 0
github.com/FredericoBento/HandGame/internal/middleware/auth.go:33.16,37.4 2 0
github.com/FredericoBento/HandGame/internal/middleware/auth.go:39.3,39.23 1 0
github.com/FredericoBento/HandGame/internal/middleware/auth.go:43.52,44.24 1 0
github.com/FredericoBento/HandGame/internal/middleware/auth.go:44.24,46.3 1 0
github.com/FredericoBento/HandGame/internal/middleware/auth.go:47.2,47.71 1 0
github.com/FredericoBento/HandGame/internal/middleware/auth.go:47.71,50.17 2 0
github.com/FredericoBento/HandGame/internal/middleware/auth.go:50.17,54.4 2 0
github.com/FredericoBento/HandGame/internal/middleware/auth.go:56.3,57.16 2 0
github.com/FredericoBento/HandGame/internal/middleware/auth.go:57.16,61.4 2 0
github.com/FredericoBento/HandGame/internal/middleware/auth.go:63.3,63.30 1 0
github.com/FredericoBento/HandGame/internal/middleware/auth.go:63.30,65.4 1 0
github.com/FredericoBento/HandGame/internal/middleware/auth.go:65.9,68.4 2 0
github.com/FredericoBento/HandGame/internal/middleware/block_routes.go:12.50,13.71 1 0
github.com/FredericoBento/HandGame/internal/middleware/block_routes.go:13.71,14.48 1 0
github.com/FredericoBento/HandGame/internal/middleware/block_routes.go:14.48,15.45 1 0
github.com/FredericoBento/HandGame/internal/middleware/block_routes.go:15.45,18.5 2 0
github.com/FredericoBento/HandGame/internal/middleware/block_routes.go:21.3,21.23 1 0
github.com/FredericoBento/HandGame/internal/middleware/block_routes.go:25.32,27.2 1 0
github.com/FredericoBento/HandGame/internal/middleware/block_routes.go:29.34,30.46 1 0
github.com/FredericoBento/HandGame/internal/middleware/block_routes.go:30.46,31.22 1 0
github.com/FredericoBento/HandGame/internal/middleware/block_routes.go:31.22,33.4 1 0
github.com/FredericoBento/HandGame/internal/middleware/logger.go:16.63,19.2 1 0
github.com/FredericoBento/HandGame/internal/middleware/logger.go:21.50,24.2 2 0
github.com/FredericoBento/HandGame/internal/middleware/logger.go:26.45,27.71 1 0
github.com/FredericoBento/HandGame/internal/middleware/logger.go:27.71,41.27 8 0
github.com/FredericoBento/HandGame/internal/middleware/logger.go:41.27,44.41 2 0
github.com/FredericoBento/HandGame/internal/middleware/logger.go:44.41,46.32 2 0
github.com/FredericoBento/HandGame/internal/middleware/logger.go:46.32,48.6 1 0
github.com/FredericoBento/HandGame/internal/middleware/logger.go:50.4,50.29 1 0
github.com/FredericoBento/HandGame/internal/middleware/middleware.go:7.51,8.46 1 0
github.com/FredericoBento/HandGame/internal/middleware/middleware.go:8.46,9.37 1 0
github.com/FredericoBento/HandGame/internal/middleware/middleware.go:9.37,12.4 2 0
github.com/FredericoBento/HandGame/internal/middleware/middleware.go:14.3,14.14 1 0
github.com/FredericoBento/HandGame/internal/middleware/secure_headers.go:5.62,6.71 1 0
github.com/FredericoBento/HandGame/internal/middleware/secure_headers.go:6.71,11.3 3 0
github.com/FredericoBento/HandGame/internal/views/layout_templ.go:13.114,14.131 1 0
github.com/FredericoBento/HandGame/internal/views/layout_templ.go:14.131,17.31 3 0
github.com/FredericoBento/HandGame/internal/views/layout_templ.go:17.31,18.17 1 0
github.com/FredericoBento/HandGame/internal/views/layout_templ.go:18.17,20.34 2 0
github.com/FredericoBento/HandGame/internal/views/layout_templ.go:20.34,22.6 1 0
github.com/FredericoBento/HandGame/internal/views/layout_templ.go:25.3,27.33 3 0
github.com/FredericoBento/HandGame/internal/views/layout_templ.go:27.33,29.4 1 0
github.com/FredericoBento/HandGame/internal/views/layout_templ.go:30.3,32.32 3 0
github.com/FredericoBento/HandGame/internal/views/layout_templ.go:32.32,34.4 1 0
github.com/FredericoBento/HandGame/internal/views/layout_templ.go:35.3,36.32 2 0
github.com/FredericoBento/HandGame/internal/views/layout_templ.go:36.32,38.4 1 0
github.com/FredericoBento/HandGame/internal/views/layout_templ.go:39.3,40.32 2 0
github.com/FredericoBento/HandGame/internal/views/layout_templ.go:40.32,42.4 1 0
github.com/FredericoBento/HandGame/internal/views/layout_templ.go:43.3,44.32 2 0
github.com/FredericoBento/HandGame/internal/views/layout_templ.go:44.32,46.4 1 0
github.com/FredericoBento/HandGame/internal/views/layout_templ.go:47.3,48.32 2 0
github.com/FredericoBento/HandGame/internal/views/layout_templ.go:48.32,50.4 1 0
github.com/FredericoBento/HandGame/internal/views/layout_templ.go:51.3,52.32 2 0
github.com/FredericoBento/HandGame/internal/views/layout_templ.go:52.32,54.4 1 0
github.com/FredericoBento/HandGame/internal/views/layout_templ.go:55.3,56.32 2 0
github.com/FredericoBento/HandGame/internal/views/layout_templ.go:56.32,58.4 1 0
github.com/FredericoBento/HandGame/internal/views/layout_templ.go:59.3,60.32 2 0
github.com/FredericoBento/HandGame/internal/views/layout_templ.go:60.32,62.4 1 0
github.com/FredericoBento/HandGame/internal/views/layout_templ.go:63.3,64.32 2 0
github.com/FredericoBento/HandGame/internal/views/layout_templ.go:64.32,66.4 1 0
github.com/FredericoBento/HandGame/internal/views/layout_templ.go:67.3,67.28 1 0
github.com/FredericoBento/HandGame/internal/views/admin_views/app_modal_templ.go:14.44,15.131 1 0
github.com/FredericoBento/HandGame/internal/views/admin_views/app_modal_templ.go:15.131,18.31 3 0
github.com/FredericoBento/HandGame/internal/views/admin_views/app_modal_templ.go:18.31,19.17 1 0
github.com/FredericoBento/HandGame/internal/views/admin_views/app_modal_templ.go:19.17,21.34 2 0
github.com/FredericoBento/HandGame/internal/views/admin_views/app_modal_templ.go:21.34,23.6 1 0
github.com/FredericoBento/HandGame/internal/views/admin_views/app_modal_templ.go:26.3,28.33 3 0
github.com/FredericoBento/HandGame/internal/views/admin_views/app_modal_templ.go:28.33,30.4 1 0
github.com/FredericoBento/HandGame/internal/views/admin_views/app_modal_templ.go:31.3,33.32 3 0
github.com/FredericoBento/HandGame/internal/views/admin_views/app_modal_templ.go:33.32,35.4 1 0
github.com/FredericoBento/HandGame/internal/views/admin_views/app_modal_templ.go:36.3,38.32 3 0
github.com/FredericoBento/HandGame/internal/views/admin_views/app_modal_templ.go:38.32,40.4 1 0
github.com/FredericoBento/HandGame/internal/views/admin_views/app_modal_templ.go:41.3,42.32 2 0
github.com/FredericoBento/HandGame/internal/views/admin_views/app_modal_templ.go:42.32,44.4 1 0
github.com/FredericoBento/HandGame/internal/views/admin_views/app_modal_templ.go:45.3,46.32 2 0
github.com/FredericoBento/HandGame/internal/views/admin_views/app_modal_templ.go:46.32,48.4 1 0
github.com/FredericoBento/HandGame/internal/views/admin_views/app_modal_templ.go:49.3,49.33 1 0
github.com/FredericoBento/HandGame/internal/views/admin_views/app_modal_templ.go:49.33,51.33 2 0
github.com/FredericoBento/HandGame/internal/views/admin_views/app_modal_templ.go:51.33,53.5 1 0
github.com/FredericoBento/HandGame/internal/views/admin_views/app_modal_templ.go:54.9,55.40 1 0
github.com/FredericoBento/HandGame/internal/views/admin_views/app_modal_templ.go:55.40,57.34 2 0
github.com/FredericoBento/HandGame/internal/views/admin_views/app_modal_templ.go:57.34,59.6 1 0
github.com/FredericoBento/HandGame/internal/views/admin_views/app_modal_templ.go:60.10,62.34 2 0
github.com/FredericoBento/HandGame/internal/views/admin_views/app_modal_templ.go:62.34,64.6 1 0
github.com/FredericoBento/HandGame/internal/views/admin_views/app_modal_templ.go:67.3,68.32 2 0
github.com/FredericoBento/HandGame/internal/views/admin_views/app_modal_templ.go:68.32,70.4 1 0
github.com/FredericoBento/HandGame/internal/views/admin_views/app_modal_templ.go:71.3,72.32 2 0
github.com/FredericoBento/HandGame/internal/views/admin_views/app_modal_templ.go:72.32,74.4 1 0
github.com/FredericoBento/HandGame/internal/views/admin_views/app_modal_templ.go:75.3,76.32 2 0
github.com/FredericoBento/HandGame/internal/views/admin_views/app_modal_templ.go:76.32,78.4 1 0
github.com/FredericoBento/HandGame/internal/views/admin_views/app_modal_templ.go:79.3,79.28 1 0
github.com/FredericoBento/HandGame/internal/views/admin_views/app_modal_templ.go:83.72,84.131 1 0
github.com/FredericoBento/HandGame/internal/views/admin_views/app_modal_templ.go:84.131,87.31 3 0
github.com/FredericoBento/HandGame/internal/views/admin_views/app_modal_templ.go:87.31,88.17 1 0
github.com/FredericoBento/HandGame/internal/views/admin_views/app_modal_templ.go:88.17,90.34 2 0
github.com/FredericoBento/HandGame/internal/views/admin_views/app_modal_templ.go:90.34,92.6 1 0
github.com/FredericoBento/HandGame/internal/views/admin_views/app_modal_templ.go:95.3,97.33 3 0
github.com/FredericoBento/HandGame/internal/views/admin_views/app_modal_templ.go:97.33,99.4 1 0
github.com/FredericoBento/HandGame/internal/views/admin_views/app_modal_templ.go:100.3,102.32 3 0
github.com/FredericoBento/HandGame/internal/views/admin_views/app_modal_templ.go:102.32,104.4 1 0
github.com/FredericoBento/HandGame/internal/views/admin_views/app_modal_templ.go:105.3,105.17 1 0
github.com/FredericoBento/HandGame/internal/views/admin_views/app_modal_templ.go:105.17,107.33 2 0
github.com/FredericoBento/HandGame/internal/views/admin_views/app_modal_templ.go:107.33,109.5 1 0
github.com/FredericoBento/HandGame/internal/views/admin_views/app_modal_templ.go:110.4,112.33 3 0
github.com/FredericoBento/HandGame/internal/views/admin_views/app_modal_templ.go:112.33,114.5 1 0
github.com/FredericoBento/HandGame/internal/views/admin_views/app_modal_templ.go:115.4,116.33 2 0
github.com/FredericoBento/HandGame/internal/views/admin_views/app_modal_templ.go:116.33,118.5 1 0
github.com/FredericoBento/HandGame/internal/views/admin_views/app_modal_templ.go:119.4,120.33 2 0
github.com/FredericoBento/HandGame/internal/views/admin_views/app_modal_templ.go:120.33,122.5 1 0
github.com/FredericoBento/HandGame/internal/views/admin_views/app_modal_templ.go:123.9,124.29 1 0
github.com/FredericoBento/HandGame/internal/views/admin_views/app_modal_templ.go:124.29,126.34 2 0
github.com/FredericoBento/HandGame/internal/views/admin_views/app_modal_templ.go:126.34,128.6 1 0
github.com/FredericoBento/HandGame/internal/views/admin_views/app_modal_templ.go:129.5,130.34 2 0
github.com/FredericoBento/HandGame/internal/views/admin_views/app_modal_templ.go:130.34,132.6 1 0
github.com/FredericoBento/HandGame/internal/views/admin_views/app_modal_templ.go:133.5,134.34 2 0
github.com/FredericoBento/HandGame/internal/views/admin_views/app_modal_templ.go:134.34,136.6 1 0
github.com/FredericoBento/HandGame/internal/views/admin_views/app_modal_templ.go:137.5,139.34 3 0
github.com/FredericoBento/HandGame/internal/views/admin_views/app_modal_templ.go:139.34,141.6 1 0
github.com/FredericoBento/HandGame/internal/views/admin_views/app_modal_templ.go:142.5,143.34 2 0
github.com/FredericoBento/HandGame/internal/views/admin_views/app_modal_templ.go:143.34,145.6 1 0
github.com/FredericoBento/HandGame/internal/views/admin_views/app_modal_templ.go:146.5,147.34 2 0
github.com/FredericoBento/HandGame/internal/views/admin_views/app_modal_templ.go:147.34,149.6 1 0
github.com/FredericoBento/HandGame/internal/views/admin_views/app_modal_templ.go:150.5,152.34 3 0
github.com/FredericoBento/HandGame/internal/views/admin_views/app_modal_templ.go:152.34,154.6 1 0
github.com/FredericoBento/HandGame/internal/views/admin_views/app_modal_templ.go:155.5,156.34 2 0
github.com/FredericoBento/HandGame/internal/views/admin_views/app_modal_templ.go:156.34,158.6 1 0
github.com/FredericoBento/HandGame/internal/views/admin_views/app_modal_templ.go:159.5,160.34 2 0
github.com/FredericoBento/HandGame/internal/views/admin_views/app_modal_templ.go:160.34,162.6 1 0
github.com/FredericoBento/HandGame/internal/views/admin_views/app_modal_templ.go:165.3,166.32 2 0
github.com/FredericoBento/HandGame/internal/views/admin_views/app_modal_templ.go:166.32,168.4 1 0
github.com/FredericoBento/HandGame/internal/views/admin_views/app_modal_templ.go:169.3,169.28 1 0
github.com/FredericoBento/HandGame/internal/views/admin_views/app_modal_templ.go:173.49,174.131 1 0
github.com/FredericoBento/HandGame/internal/views/admin_views/app_modal_templ.go:174.131,177.31 3 0
github.com/FredericoBento/HandGame/internal/views/admin_views/app_modal_templ.go:177.31,178.17 1 0
github.com/FredericoBento/HandGame/internal/views/admin_views/app_modal_templ.go:178.17,180.34 2 0
github.com/FredericoBento/HandGame/internal/views/admin_views/app_modal_templ.go:180.34,182.6 1 0
github.com/FredericoBento/HandGame/internal/views/admin_views/app_modal_templ.go:185.3,187.33 3 0
github.com/FredericoBento/HandGame/internal/views/admin_views/app_modal_templ.go:187.33,189.4 1 0
github.com/FredericoBento/HandGame/internal/views/admin_views/app_modal_templ.go:190.3,191.18 2 0
github.com/FredericoBento/HandGame/internal/views/admin_views/app_modal_templ.go:192.15,194.33 2 0
github.com/FredericoBento/HandGame/internal/views/admin_views/app_modal_templ.go:194.33,196.5 1 0
github.com/FredericoBento/HandGame/internal/views/admin_views/app_modal_templ.go:197.16,199.33 2 0
github.com/FredericoBento/HandGame/internal/views/admin_views/app_modal_templ.go:199.33,201.5 1 0
github.com/FredericoBento/HandGame/internal/views/admin_views/app_modal_templ.go:202.15,204.33 2 0
github.com/FredericoBento/HandGame/internal/views/admin_views/app_modal_templ.go:204.33,206.5 1 0
github.com/FredericoBento/HandGame/internal/views/admin_views/app_modal_templ.go:207.11,209.33 2 0
github.com/FredericoBento/HandGame/internal/views/admin_views/app_modal_templ.go:209.33,211.5 1 0
github.com/FredericoBento/HandGame/internal/views/admin_views/app_modal_templ.go:213.3,213.28 1 0
github.com/FredericoBento/HandGame/internal/views/admin_views/app_templ.go:16.46,17.131 1 0
github.com/FredericoBento/HandGame/internal/views/admin_views/app_templ.go:17.131,20.31 3 0
github.com/FredericoBento/HandGame/internal/views/admin_views/app_templ.go:20.31,21.17 1 0
github.com/FredericoBento/HandGame/internal/views/admin_views/app_templ.go:21.17,23.34 2 0
github.com/FredericoBento/HandGame/internal/views/admin_views/app_templ.go:23.34,25.6 1 0
github.com/FredericoBento/HandGame/internal/views/admin_views/app_templ.go:28.3,30.33 3 0
github.com/FredericoBento/HandGame/internal/views/admin_views/app_templ.go:30.33,32.4 1 0
github.com/FredericoBento/HandGame/internal/views/admin_views/app_templ.go:33.3,35.32 3 0
github.com/FredericoBento/HandGame/internal/views/admin_views/app_templ.go:35.32,37.4 1 0
github.com/FredericoBento/HandGame/internal/views/admin_views/app_templ.go:38.3,40.32 3 0
github.com/FredericoBento/HandGame/internal/views/admin_views/app_templ.go:40.32,42.4 1 0
github.com/FredericoBento/HandGame/internal/views/admin_views/app_templ.go:43.3,44.32 2 0
github.com/FredericoBento/HandGame/internal/views/admin_views/app_templ.go:44.32,46.4 1 0
github.com/FredericoBento/HandGame/internal/views/admin_views/app_templ.go:47.3,48.32 2 0
github.com/FredericoBento/HandGame/internal/views/admin_views/app_templ.go:48.32,50.4 1 0
github.com/FredericoBento/HandGame/internal/views/admin_views/app_templ.go:51.3,53.32 3 0
github.com/FredericoBento/HandGame/internal/views/admin_views/app_templ.go:53.32,55.4 1 0
github.com/FredericoBento/HandGame/internal/views/admin_views/app_templ.go:56.3,57.32 2 0
github.com/FredericoBento/HandGame/internal/views/admin_views/app_templ.go:57.32,59.4 1 0
github.com/FredericoBento/HandGame/internal/views/admin_views/app_templ.go:60.3,61.32 2 0
github.com/FredericoBento/HandGame/internal/views/admin_views/app_templ.go:61.32,63.4 1 0
github.com/FredericoBento/HandGame/internal/views/admin_views/app_templ.go:64.3,64.31 1 0
github.com/FredericoBento/HandGame/internal/views/admin_views/app_templ.go:64.31,66.33 2 0
github.com/FredericoBento/HandGame/internal/views/admin_views/app_templ.go:66.33,68.5 1 0
github.com/FredericoBento/HandGame/internal/views/admin_views/app_templ.go:69.9,70.38 1 0
github.com/FredericoBento/HandGame/internal/views/admin_views/app_templ.go:70.38,72.34 2 0
github.com/FredericoBento/HandGame/internal/views/admin_views/app_templ.go:72.34,74.6 1 0
github.com/FredericoBento/HandGame/internal/views/admin_views/app_templ.go:75.10,77.34 2 0
github.com/FredericoBento/HandGame/internal/views/admin_views/app_templ.go:77.34,79.6 1 0
github.com/FredericoBento/HandGame/internal/views/admin_views/app_templ.go:82.3,83.32 2 0
github.com/FredericoBento/HandGame/internal/views/admin_views/app_templ.go:83.32,85.4 1 0
github.com/FredericoBento/HandGame/internal/views/admin_views/app_templ.go:86.3,86.31 1 0
github.com/FredericoBento/HandGame/internal/views/admin_views/app_templ.go:86.31,88.33 2 0
github.com/FredericoBento/HandGame/internal/views/admin_views/app_templ.go:88.33,90.5 1 0
github.com/FredericoBento/HandGame/internal/views/admin_views/app_templ.go:91.4,93.33 3 0
github.com/FredericoBento/HandGame/internal/views/admin_views/app_templ.go:93.33,95.5 1 0
github.com/FredericoBento/HandGame/internal/views/admin_views/app_templ.go:96.4,97.33 2 0
github.com/FredericoBento/HandGame/internal/views/admin_views/app_templ.go:97.33,99.5 1 0
github.com/FredericoBento/HandGame/internal/views/admin_views/app_templ.go:100.4,101.33 2 0
github.com/FredericoBento/HandGame/internal/views/admin_views/app_templ.go:101.33,103.5 1 0
github.com/FredericoBento/HandGame/internal/views/admin_views/app_templ.go:104.4,106.33 3 0
github.com/FredericoBento/HandGame/internal/views/admin_views/app_templ.go:106.33,108.5 1 0
github.com/FredericoBento/HandGame/internal/views/admin_views/app_templ.go:109.4,110.33 2 0
github.com/FredericoBento/HandGame/internal/views/admin_views/app_templ.go:110.33,112.5 1 0
github.com/FredericoBento/HandGame/internal/views/admin_views/app_templ.go:113.4,114.33 2 0
github.com/FredericoBento/HandGame/internal/views/admin_views/app_templ.go:114.33,116.5 1 0
github.com/FredericoBento/HandGame/internal/views/admin_views/app_templ.go:117.9,118.38 1 0
github.com/FredericoBento/HandGame/internal/views/admin_views/app_templ.go:118.38,120.34 2 0
github.com/FredericoBento/HandGame/internal/views/admin_views/app_templ.go:120.34,122.6 1 0
github.com/FredericoBento/HandGame/internal/views/admin_views/app_templ.go:123.5,125.34 3 0
github.com/FredericoBento/HandGame/internal/views/admin_views/app_templ.go:125.34,127.6 1 0
github.com/FredericoBento/HandGame/internal/views/admin_views/app_templ.go:128.5,129.34 2 0
github.com/FredericoBento/HandGame/internal/views/admin_views/app_templ.go:129.34,131.6 1 0
github.com/FredericoBento/HandGame/internal/views/admin_views/app_templ.go:132.5,133.34 2 0
github.com/FredericoBento/HandGame/internal/views/admin_views/app_templ.go:133.34,135.6 1 0
github.com/FredericoBento/HandGame/internal/views/admin_views/app_templ.go:136.10,138.34 2 0
github.com/FredericoBento/HandGame/internal/views/admin_views/app_templ.go:138.34,140.6 1 0
github.com/FredericoBento/HandGame/internal/views/admin_views/app_templ.go:141.5,143.34 3 0
github.com/FredericoBento/HandGame/internal/views/admin_views/app_templ.go:143.34,145.6 1 0
github.com/FredericoBento/HandGame/internal/views/admin_views/app_templ.go:146.5,147.34 2 0
github.com/FredericoBento/HandGame/internal/views/admin_views/app_templ.go:147.34,149.6 1 0
github.com/FredericoBento/HandGame/internal/views/admin_views/app_templ.go:150.5,151.34 2 0
github.com/FredericoBento/HandGame/internal/views/admin_views/app_templ.go:151.34,153.6 1 0
github.com/FredericoBento/HandGame/internal/views/admin_views/app_templ.go:155.4,156.33 2 0
github.com/FredericoBento/HandGame/internal/views/admin_views/app_templ.go:156.33,158.5 1 0
github.com/FredericoBento/HandGame/internal/views/admin_views/app_templ.go:159.4,161.33 3 0
github.com/FredericoBento/HandGame/internal/views/admin_views/app_templ.go:161.33,163.5 1 0
github.com/FredericoBento/HandGame/internal/views/admin_views/app_templ.go:164.4,165.33 2 0
github.com/FredericoBento/HandGame/internal/views/admin_views/app_templ.go:165.33,167.5 1 0
github.com/FredericoBento/HandGame/internal/views/admin_views/app_templ.go:168.4,169.33 2 0
github.com/FredericoBento/HandGame/internal/views/admin_views/app_templ.go:169.33,171.5 1 0
github.com/FredericoBento/HandGame/internal/views/admin_views/app_templ.go:173.3,174.32 2 0
github.com/FredericoBento/HandGame/internal/views/admin_views/app_templ.go:174.32,176.4 1 0
github.com/FredericoBento/HandGame/internal/views/admin_views/app_templ.go:177.3,177.28 1 0
github.com/FredericoBento/HandGame/internal/views/admin_views/app_templ.go:181.60,182.131 1 0
github.com/FredericoBento/HandGame/internal/views/admin_views/app_templ.go:182.131,185.31 3 0
github.com/FredericoBento/HandGame/internal/views/admin_views/app_templ.go:185.31,186.17 1 0
github.com/FredericoBento/HandGame/internal/views/admin_views/app_templ.go:186.17,188.34 2 0
github.com/FredericoBento/HandGame/internal/views/admin_views/app_templ.go:188.34,190.6 1 0
github.com/FredericoBento/HandGame/internal/views/admin_views/app_templ.go:193.3,195.33 3 0
github.com/FredericoBento/HandGame/internal/views/admin_views/app_templ.go:195.33,197.4 1 0
github.com/FredericoBento/HandGame/internal/views/admin_views/app_templ.go:198.3,200.32 3 0
github.com/FredericoBento/HandGame/internal/views/admin_views/app_templ.go:200.32,202.4 1 0
github.com/FredericoBento/HandGame/internal/views/admin_views/app_templ.go:203.3,205.28 2 0
github.com/FredericoBento/HandGame/internal/views/admin_views/app_templ.go:205.28,207.4 1 0
github.com/FredericoBento/HandGame/internal/views/admin_views/app_templ.go:208.3,209.32 2 0
github.com/FredericoBento/HandGame/internal/views/admin_views/app_templ.go:209.32,211.33 2 0
github.com/FredericoBento/HandGame/internal/views/admin_views/app_templ.go:211.33,213.5 1 0
github.com/FredericoBento/HandGame/internal/views/admin_views/app_templ.go:214.4,215.33 2 0
github.com/FredericoBento/HandGame/internal/views/admin_views/app_templ.go:215.33,217.5 1 0
github.com/FredericoBento/HandGame/internal/views/admin_views/app_templ.go:218.4,219.33 2 0
github.com/FredericoBento/HandGame/internal/views/admin_views/app_templ.go:219.33,221.5 1 0
github.com/FredericoBento/HandGame/internal/views/admin_views/app_templ.go:223.3,224.32 2 0
github.com/FredericoBento/HandGame/internal/views/admin_views/app_templ.go:224.32,226.4 1 0
github.com/FredericoBento/HandGame/internal/views/admin_views/app_templ.go:227.3,227.28 1 0
github.com/FredericoBento/HandGame/internal/views/admin_views/dashboard_templ.go:13.57,14.131 1 0
github.com/FredericoBento/HandGame/internal/views/admin_views/dashboard_templ.go:14.131,17.31 3 0
github.com/FredericoBento/HandGame/internal/views/admin_views/dashboard_templ.go:17.31,18.17 1 0
github.com/FredericoBento/HandGame/internal/views/admin_views/dashboard_templ.go:18.17,20.34 2 0
github.com/FredericoBento/HandGame/internal/views/admin_views/dashboard_templ.go:20.34,22.6 1 0
github.com/FredericoBento/HandGame/internal/views/admin_views/dashboard_templ.go:25.3,27.33 3 0
github.com/FredericoBento/HandGame/internal/views/admin_views/dashboard_templ.go:27.33,29.4 1 0
github.com/FredericoBento/HandGame/internal/views/admin_views/dashboard_templ.go:30.3,32.32 3 0
github.com/FredericoBento/HandGame/internal/views/admin_views/dashboard_templ.go:32.32,34.4 1 0
github.com/FredericoBento/HandGame/internal/views/admin_views/dashboard_templ.go:35.3,36.32 2 0
github.com/FredericoBento/HandGame/internal/views/admin_views/dashboard_templ.go:36.32,38.4 1 0
github.com/FredericoBento/HandGame/internal/views/admin_views/dashboard_templ.go:39.3,40.32 2 0
github.com/FredericoBento/HandGame/internal/views/admin_views/dashboard_templ.go:40.32,42.4 1 0
github.com/FredericoBento/HandGame/internal/views/admin_views/dashboard_templ.go:43.3,43.28 1 0
github.com/FredericoBento/HandGame/internal/views/admin_views/users_templ.go:14.54,15.131 1 0
github.com/FredericoBento/HandGame/internal/views/admin_views/users_templ.go:15.131,18.31 3 0
github.com/FredericoBento/HandGame/internal/views/admin_views/users_templ.go:18.31,19.17 1 0
github.com/FredericoBento/HandGame/internal/views/admin_views/users_templ.go:19.17,21.34 2 0
github.com/FredericoBento/HandGame/internal/views/admin_views/users_templ.go:21.34,23.6 1 0
github.com/FredericoBento/HandGame/internal/views/admin_views/users_templ.go:26.3,28.33 3 0
github.com/FredericoBento/HandGame/internal/views/admin_views/users_templ.go:28.33,30.4 1 0
github.com/FredericoBento/HandGame/internal/views/admin_views/users_templ.go:31.3,33.32 3 0
github.com/FredericoBento/HandGame/internal/views/admin_views/users_templ.go:33.32,35.4 1 0
github.com/FredericoBento/HandGame/internal/views/admin_views/users_templ.go:36.3,37.32 2 0
github.com/FredericoBento/HandGame/internal/views/admin_views/users_templ.go:37.32,39.4 1 0
github.com/FredericoBento/HandGame/internal/views/admin_views/users_templ.go:40.3,41.32 2 0
github.com/FredericoBento/HandGame/internal/views/admin_views/users_templ.go:41.32,43.4 1 0
github.com/FredericoBento/HandGame/internal/views/admin_views/users_templ.go:44.3,44.28 1 0
github.com/FredericoBento/HandGame/internal/views/admin_views/users_templ.go:48.65,49.131 1 0
github.com/FredericoBento/HandGame/internal/views/admin_views/users_templ.go:49.131,52.31 3 0
github.com/FredericoBento/HandGame/internal/views/admin_views/users_templ.go:52.31,53.17 1 0
github.com/FredericoBento/HandGame/internal/views/admin_views/users_templ.go:53.17,55.34 2 0
github.com/FredericoBento/HandGame/internal/views/admin_views/users_templ.go:55.34,57.6 1 0
github.com/FredericoBento/HandGame/internal/views/admin_views/users_templ.go:60.3,62.33 3 0
github.com/FredericoBento/HandGame/internal/views/admin_views/users_templ.go:62.33,64.4 1 0
github.com/FredericoBento/HandGame/internal/views/admin_views/users_templ.go:65.3,67.32 3 0
github.com/FredericoBento/HandGame/internal/views/admin_views/users_templ.go:67.32,69.4 1 0
github.com/FredericoBento/HandGame/internal/views/admin_views/users_templ.go:70.3,70.31 1 0
github.com/FredericoBento/HandGame/internal/views/admin_views/users_templ.go:70.31,72.33 2 0
github.com/FredericoBento/HandGame/internal/views/admin_views/users_templ.go:72.33,74.5 1 0
github.com/FredericoBento/HandGame/internal/views/admin_views/users_templ.go:75.4,77.33 3 0
github.com/FredericoBento/HandGame/internal/views/admin_views/users_templ.go:77.33,79.5 1 0
github.com/FredericoBento/HandGame/internal/views/admin_views/users_templ.go:80.4,81.33 2 0
github.com/FredericoBento/HandGame/internal/views/admin_views/users_templ.go:81.33,83.5 1 0
github.com/FredericoBento/HandGame/internal/views/admin_views/users_templ.go:84.4,85.33 2 0
github.com/FredericoBento/HandGame/internal/views/admin_views/users_templ.go:85.33,87.5 1 0
github.com/FredericoBento/HandGame/internal/views/admin_views/users_templ.go:88.4,90.33 3 0
github.com/FredericoBento/HandGame/internal/views/admin_views/users_templ.go:90.33,92.5 1 0
github.com/FredericoBento/HandGame/internal/views/admin_views/users_templ.go:93.4,94.33 2 0
github.com/FredericoBento/HandGame/internal/views/admin_views/users_templ.go:94.33,96.5 1 0
github.com/FredericoBento/HandGame/internal/views/admin_views/users_templ.go:97.4,98.33 2 0
github.com/FredericoBento/HandGame/internal/views/admin_views/users_templ.go:98.33,100.5 1 0
github.com/FredericoBento/HandGame/internal/views/admin_views/users_templ.go:101.4,103.33 3 0
github.com/FredericoBento/HandGame/internal/views/admin_views/users_templ.go:103.33,105.5 1 0
github.com/FredericoBento/HandGame/internal/views/admin_views/users_templ.go:106.4,107.33 2 0
github.com/FredericoBento/HandGame/internal/views/admin_views/users_templ.go:107.33,109.5 1 0
github.com/FredericoBento/HandGame/internal/views/admin_views/users_templ.go:110.4,111.33 2 0
github.com/FredericoBento/HandGame/internal/views/admin_views/users_templ.go:111.33,113.5 1 0
github.com/FredericoBento/HandGame/internal/views/admin_views/users_templ.go:115.3,116.32 2 0
github.com/FredericoBento/HandGame/internal/views/admin_views/users_templ.go:116.32,118.4 1 0
github.com/FredericoBento/HandGame/internal/views/admin_views/users_templ.go:119.3,119.28 1 0
github.com/FredericoBento/HandGame/internal/views/auth_views/sign_in_form_templ.go:11.35,12.131 1 0
github.com/FredericoBento/HandGame/internal/views/auth_views/sign_in_form_templ.go:12.131,15.31 3 0
github.com/FredericoBento/HandGame/internal/views/auth_views/sign_in_form_templ.go:15.31,16.17 1 0
github.com/FredericoBento/HandGame/internal/views/auth_views/sign_in_form_templ.go:16.17,18.34 2 0
github.com/FredericoBento/HandGame/internal/views/auth_views/sign_in_form_templ.go:18.34,20.6 1 0
github.com/FredericoBento/HandGame/internal/views/auth_views/sign_in_form_templ.go:23.3,25.33 3 0
github.com/FredericoBento/HandGame/internal/views/auth_views/sign_in_form_templ.go:25.33,27.4 1 0
github.com/FredericoBento/HandGame/internal/views/auth_views/sign_in_form_templ.go:28.3,30.32 3 0
github.com/FredericoBento/HandGame/internal/views/auth_views/sign_in_form_templ.go:30.32,32.4 1 0
github.com/FredericoBento/HandGame/internal/views/auth_views/sign_in_form_templ.go:33.3,33.28 1 0
github.com/FredericoBento/HandGame/internal/views/auth_views/sign_up_form_templ.go:11.35,12.131 1 0
github.com/FredericoBento/HandGame/internal/views/auth_views/sign_up_form_templ.go:12.131,15.31 3 0
github.com/FredericoBento/HandGame/internal/views/auth_views/sign_up_form_templ.go:15.31,16.17 1 0
github.com/FredericoBento/HandGame/internal/views/auth_views/sign_up_form_templ.go:16.17,18.34 2 0
github.com/FredericoBento/HandGame/internal/views/auth_views/sign_up_form_templ.go:18.34,20.6 1 0
github.com/FredericoBento/HandGame/internal/views/auth_views/sign_up_form_templ.go:23.3,25.33 3 0
github.com/FredericoBento/HandGame/internal/views/auth_views/sign_up_form_templ.go:25.33,27.4 1 0
github.com/FredericoBento/HandGame/internal/views/auth_views/sign_up_form_templ.go:28.3,30.32 3 0
github.com/FredericoBento/HandGame/internal/views/auth_views/sign_up_form_templ.go:30.32,32.4 1 0
github.com/FredericoBento/HandGame/internal/views/auth_views/sign_up_form_templ.go:33.3,33.28 1 0
github.com/FredericoBento/HandGame/internal/views/components/footer_templ.go:11.34,12.131 1 0
github.com/FredericoBento/HandGame/internal/views/components/footer_templ.go:12.131,15.31 3 0
github.com/FredericoBento/HandGame/internal/views/components/footer_templ.go:15.31,16.17 1 0
github.com/FredericoBento/HandGame/internal/views/components/footer_templ.go:16.17,18.34 2 0
github.com/FredericoBento/HandGame/internal/views/components/footer_templ.go:18.34,20.6 1 0
github.com/FredericoBento/HandGame/internal/views/components/footer_templ.go:23.3,25.33 3 0
github.com/FredericoBento/HandGame/internal/views/components/footer_templ.go:25.33,27.4 1 0
github.com/FredericoBento/HandGame/internal/views/components/footer_templ.go:28.3,30.32 3 0
github.com/FredericoBento/HandGame/internal/views/components/footer_templ.go:30.32,32.4 1 0
github.com/FredericoBento/HandGame/internal/views/components/footer_templ.go:33.3,33.28 1 0
github.com/FredericoBento/HandGame/internal/views/components/footer_templ.go:37.31,38.131 1 0
github.com/FredericoBento/HandGame/internal/views/components/footer_templ.go:38.131,41.31 3 0
github.com/FredericoBento/HandGame/internal/views/components/footer_templ.go:41.31,42.17 1 0
github.com/FredericoBento/HandGame/internal/views/components/footer_templ.go:42.17,44.34 2 0
github.com/FredericoBento/HandGame/internal/views/components/footer_templ.go:44.34,46.6 1 0
github.com/FredericoBento/HandGame/internal/views/components/footer_templ.go:49.3,51.33 3 0
github.com/FredericoBento/HandGame/internal/views/components/footer_templ.go:51.33,53.4 1 0
github.com/FredericoBento/HandGame/internal/views/components/footer_templ.go:54.3,56.32 3 0
github.com/FredericoBento/HandGame/internal/views/components/footer_templ.go:56.32,58.4 1 0
github.com/FredericoBento/HandGame/internal/views/components/footer_templ.go:59.3,59.28 1 0
github.com/FredericoBento/HandGame/internal/views/components/head_templ.go:11.29,12.131 1 0
github.com/FredericoBento/HandGame/internal/views/components/head_templ.go:12.131,15.31 3 0
github.com/FredericoBento/HandGame/internal/views/components/head_templ.go:15.31,16.17 1 0
github.com/FredericoBento/HandGame/internal/views/components/head_templ.go:16.17,18.34 2 0
github.com/FredericoBento/HandGame/internal/views/components/head_templ.go:18.34,20.6 1 0
github.com/FredericoBento/HandGame/internal/views/components/head_templ.go:23.3,25.33 3 0
github.com/FredericoBento/HandGame/internal/views/components/head_templ.go:25.33,27.4 1 0
github.com/FredericoBento/HandGame/internal/views/components/head_templ.go:28.3,30.32 3 0
github.com/FredericoBento/HandGame/internal/views/components/head_templ.go:30.32,32.4 1 0
github.com/FredericoBento/HandGame/internal/views/components/head_templ.go:33.3,33.28 1 0
github.com/FredericoBento/HandGame/internal/views/components/header_templ.go:11.80,12.131 1 0
github.com/FredericoBento/HandGame/internal/views/components/header_templ.go:12.131,15.31 3 0
github.com/FredericoBento/HandGame/internal/views/components/header_templ.go:15.31,16.17 1 0
github.com/FredericoBento/HandGame/internal/views/components/header_templ.go:16.17,18.34 2 0
github.com/FredericoBento/HandGame/internal/views/components/header_templ.go:18.34,20.6 1 0
github.com/FredericoBento/HandGame/internal/views/components/header_templ.go:23.3,25.33 3 0
github.com/FredericoBento/HandGame/internal/views/components/header_templ.go:25.33,27.4 1 0
github.com/FredericoBento/HandGame/internal/views/components/header_templ.go:28.3,30.32 3 0
github.com/FredericoBento/HandGame/internal/views/components/header_templ.go:30.32,32.4 1 0
github.com/FredericoBento/HandGame/internal/views/components/header_templ.go:33.3,33.24 1 0
github.com/FredericoBento/HandGame/internal/views/components/header_templ.go:33.24,35.33 2 0
github.com/FredericoBento/HandGame/internal/views/components/header_templ.go:35.33,37.5 1 0
github.com/FredericoBento/HandGame/internal/views/components/header_templ.go:38.9,40.33 2 0
github.com/FredericoBento/HandGame/internal/views/components/header_templ.go:40.33,42.5 1 0
github.com/FredericoBento/HandGame/internal/views/components/header_templ.go:43.4,45.33 3 0
github.com/FredericoBento/HandGame/internal/views/components/header_templ.go:45.33,47.5 1 0
github.com/FredericoBento/HandGame/internal/views/components/header_templ.go:48.4,49.33 2 0
github.com/FredericoBento/HandGame/internal/views/components/header_templ.go:49.33,51.5 1 0
github.com/FredericoBento/HandGame/internal/views/components/header_templ.go:52.4,53.33 2 0
github.com/FredericoBento/HandGame/internal/views/components/header_templ.go:53.33,55.5 1 0
github.com/FredericoBento/HandGame/internal/views/components/header_templ.go:57.3,58.32 2 0
github.com/FredericoBento/HandGame/internal/views/components/header_templ.go:58.32,60.4 1 0
github.com/FredericoBento/HandGame/internal/views/components/header_templ.go:61.3,61.27 1 0
github.com/FredericoBento/HandGame/internal/views/components/header_templ.go:61.27,63.33 2 0
github.com/FredericoBento/HandGame/internal/views/components/header_templ.go:63.33,65.5 1 0
github.com/FredericoBento/HandGame/internal/views/components/header_templ.go:67.3,68.32 2 0
github.com/FredericoBento/HandGame/internal/views/components/header_templ.go:68.32,70.4 1 0
github.com/FredericoBento/HandGame/internal/views/components/header_templ.go:71.3,71.28 1 0
github.com/FredericoBento/HandGame/internal/views/components/header_templ.go:75.60,76.131 1 0
github.com/FredericoBento/HandGame/internal/views/components/header_templ.go:76.131,79.31 3 0
github.com/FredericoBento/HandGame/internal/views/components/header_templ.go:79.31,80.17 1 0
github.com/FredericoBento/HandGame/internal/views/components/header_templ.go:80.17,82.34 2 0
github.com/FredericoBento/HandGame/internal/views/components/header_templ.go:82.34,84.6 1 0
github.com/FredericoBento/HandGame/internal/views/components/header_templ.go:87.3,89.33 3 0
github.com/FredericoBento/HandGame/internal/views/components/header_templ.go:89.33,91.4 1 0
github.com/FredericoBento/HandGame/internal/views/components/header_templ.go:92.3,94.32 3 0
github.com/FredericoBento/HandGame/internal/views/components/header_templ.go:94.32,96.4 1 0
github.com/FredericoBento/HandGame/internal/views/components/header_templ.go:97.3,97.33 1 0
github.com/FredericoBento/HandGame/internal/views/components/header_templ.go:97.33,99.33 2 0
github.com/FredericoBento/HandGame/internal/views/components/header_templ.go:99.33,101.5 1 0
github.com/FredericoBento/HandGame/internal/views/components/header_templ.go:102.4,104.33 3 0
github.com/FredericoBento/HandGame/internal/views/components/header_templ.go:104.33,106.5 1 0
github.com/FredericoBento/HandGame/internal/views/components/header_templ.go:107.4,108.33 2 0
github.com/FredericoBento/HandGame/internal/views/components/header_templ.go:108.33,110.5 1 0
github.com/FredericoBento/HandGame/internal/views/components/header_templ.go:111.4,112.33 2 0
github.com/FredericoBento/HandGame/internal/views/components/header_templ.go:112.33,114.5 1 0
github.com/FredericoBento/HandGame/internal/views/components/header_templ.go:115.4,117.33 3 0
github.com/FredericoBento/HandGame/internal/views/components/header_templ.go:117.33,119.5 1 0
github.com/FredericoBento/HandGame/internal/views/components/header_templ.go:120.4,121.33 2 0
github.com/FredericoBento/HandGame/internal/views/components/header_templ.go:121.33,123.5 1 0
github.com/FredericoBento/HandGame/internal/views/components/header_templ.go:124.4,125.33 2 0
github.com/FredericoBento/HandGame/internal/views/components/header_templ.go:125.33,127.5 1 0
github.com/FredericoBento/HandGame/internal/views/components/header_templ.go:129.3,130.32 2 0
github.com/FredericoBento/HandGame/internal/views/components/header_templ.go:130.32,132.4 1 0
github.com/FredericoBento/HandGame/internal/views/components/header_templ.go:133.3,133.28 1 0
github.com/FredericoBento/HandGame/internal/views/home_views/index_templ.go:11.29,12.131 1 0
github.com/FredericoBento/HandGame/internal/views/home_views/index_templ.go:12.131,15.31 3 0
github.com/FredericoBento/HandGame/internal/views/home_views/index_templ.go:15.31,16.17 1 0
github.com/FredericoBento/HandGame/internal/views/home_views/index_templ.go:16.17,18.34 2 0
github.com/FredericoBento/HandGame/internal/views/home_views/index_templ.go:18.34,20.6 1 0
github.com/FredericoBento/HandGame/internal/views/home_views/index_templ.go:23.3,25.33 3 0
github.com/FredericoBento/HandGame/internal/views/home_views/index_templ.go:25.33,27.4 1 0
github.com/FredericoBento/HandGame/internal/views/home_views/index_templ.go:28.3,30.32 3 0
github.com/FredericoBento/HandGame/internal/views/home_views/index_templ.go:30.32,32.4 1 0
github.com/FredericoBento/HandGame/internal/views/home_views/index_templ.go:33.3,34.32 2 0
github.com/FredericoBento/HandGame/internal/views/home_views/index_templ.go:34.32,36.4 1 0
github.com/FredericoBento/HandGame/internal/views/home_views/index_templ.go:37.3,38.32 2 0
github.com/FredericoBento/HandGame/internal/views/home_views/index_templ.go:38.32,40.4 1 0
github.com/FredericoBento/HandGame/internal/views/home_views/index_templ.go:41.3,41.28 1 0
github.com/FredericoBento/HandGame/internal/views/home_views/index_templ.go:45.29,46.131 1 0
github.com/FredericoBento/HandGame/internal/views/home_views/index_templ.go:46.131,49.31 3 0
github.com/FredericoBento/HandGame/internal/views/home_views/index_templ.go:49.31,50.17 1 0
github.com/FredericoBento/HandGame/internal/views/home_views/index_templ.go:50.17,52.34 2 0
github.com/FredericoBento/HandGame/internal/views/home_views/index_templ.go:52.34,54.6 1 0
github.com/FredericoBento/HandGame/internal/views/home_views/index_templ.go:57.3,59.33 3 0
github.com/FredericoBento/HandGame/internal/views/home_views/index_templ.go:59.33,61.4 1 0
github.com/FredericoBento/HandGame/internal/views/home_views/index_templ.go:62.3,64.32 3 0
github.com/FredericoBento/HandGame/internal/views/home_views/index_templ.go:64.32,66.4 1 0
github.com/FredericoBento/HandGame/internal/views/home_views/index_templ.go:67.3,67.28 1 0
github.com/FredericoBento/HandGame/internal/logger/logger.go:27.87,28.16 1 0
github.com/FredericoBento/HandGame/internal/logger/logger.go:28.16,31.3 2 0
github.com/FredericoBento/HandGame/internal/logger/logger.go:33.2,33.47 1 0
github.com/FredericoBento/HandGame/internal/logger/logger.go:36.91,37.16 1 0
github.com/FredericoBento/HandGame/internal/logger/logger.go:37.16,40.3 2 0
github.com/FredericoBento/HandGame/internal/logger/logger.go:42.2,42.47 1 0
github.com/FredericoBento/HandGame/internal/logger/logger.go:46.91,47.16 1 0
github.com/FredericoBento/HandGame/internal/logger/logger.go:47.16,50.3 2 0
github.com/FredericoBento/HandGame/internal/logger/logger.go:52.2,52.47 1 0
github.com/FredericoBento/HandGame/internal/logger/logger.go:56.90,57.16 1 0
github.com/FredericoBento/HandGame/internal/logger/logger.go:57.16,60.3 2 0
github.com/FredericoBento/HandGame/internal/logger/logger.go:62.2,62.47 1 0
github.com/FredericoBento/HandGame/internal/logger/logger.go:65.95,66.16 1 0
github.com/FredericoBento/HandGame/internal/logger/logger.go:66.16,67.17 1 0
github.com/FredericoBento/HandGame/internal/logger/logger.go:68.17,70.24 2 0
github.com/FredericoBento/HandGame/internal/logger/logger.go:75.2,75.47 1 0
github.com/FredericoBento/HandGame/internal/logger/logger.go:78.55,80.16 2 0
github.com/FredericoBento/HandGame/internal/logger/logger.go:80.16,82.3 1 0
github.com/FredericoBento/HandGame/internal/logger/logger.go:84.2,86.63 3 0
github.com/FredericoBento/HandGame/internal/logger/logger.go:86.63,87.17 1 0
github.com/FredericoBento/HandGame/internal/logger/logger.go:87.17,88.12 1 0
github.com/FredericoBento/HandGame/internal/logger/logger.go:90.3,91.17 2 0
github.com/FredericoBento/HandGame/internal/logger/logger.go:91.17,93.4 1 0
github.com/FredericoBento/HandGame/internal/logger/logger.go:94.3,94.30 1 0
github.com/FredericoBento/HandGame/internal/logger/logger.go:97.2,97.18 1 0
github.com/FredericoBento/HandGame/internal/logger/logger.go:100.86,102.16 2 0
github.com/FredericoBento/HandGame/internal/logger/logger.go:102.16,104.3 1 0
github.com/FredericoBento/HandGame/internal/logger/logger.go:106.2,113.19 4 0
github.com/FredericoBento/HandGame/internal/logger/logger.go:113.19,117.3 2 0
github.com/FredericoBento/HandGame/internal/logger/logger.go:117.8,119.3 1 0
github.com/FredericoBento/HandGame/internal/logger/logger.go:121.2,122.20 2 0
github.com/FredericoBento/HandGame/internal/logger/logger.go:125.52,126.62 1 0
github.com/FredericoBento/HandGame/internal/logger/logger.go:126.62,128.3 1 0
github.com/FredericoBento/HandGame/internal/logger/logger.go:130.2,130.24 1 0
github.com/FredericoBento/HandGame/internal/logger/multihandler.go:13.62,15.2 1 0
github.com/FredericoBento/HandGame/internal/logger/multihandler.go:18.73,19.37 1 0
github.com/FredericoBento/HandGame/internal/logger/multihandler.go:19.37,20.36 1 0
github.com/FredericoBento/HandGame/internal/logger/multihandler.go:20.36,21.49 1 0
github.com/FredericoBento/HandGame/internal/logger/multihandler.go:21.49,23.5 1 0
github.com/FredericoBento/HandGame/internal/logger/multihandler.go:26.2,26.12 1 0
github.com/FredericoBento/HandGame/internal/logger/multihandler.go:30.66,32.37 2 0
github.com/FredericoBento/HandGame/internal/logger/multihandler.go:32.37,34.3 1 0
github.com/FredericoBento/HandGame/internal/logger/multihandler.go:35.2,35.45 1 0
github.com/FredericoBento/HandGame/internal/logger/multihandler.go:39.60,41.37 2 0
github.com/FredericoBento/HandGame/internal/logger/multihandler.go:41.37,43.3 1 0
github.com/FredericoBento/HandGame/internal/logger/multihandler.go:44.2,44.45 1 0
github.com/FredericoBento/HandGame/internal/logger/multihandler.go:47.76,48.37 1 0
github.com/FredericoBento/HandGame/internal/logger/multihandler.go:48.37,49.34 1 0
github.com/FredericoBento/HandGame/internal/logger/multihandler.go:49.34,51.4 1 0
github.com/FredericoBento/HandGame/internal/logger/multihandler.go:53.2,53.14 1 0
github.com/FredericoBento/HandGame/internal/database/repository/user_repository.go:26.64,28.16 2 1
github.com/FredericoBento/HandGame/internal/database/repository/user_repository.go:28.16,31.3 2 0
github.com/FredericoBento/HandGame/internal/database/repository/user_repository.go:32.2,35.3 1 1
github.com/FredericoBento/HandGame/internal/database/repository/user_repository.go:38.83,40.16 2 1
github.com/FredericoBento/HandGame/internal/database/repository/user_repository.go:40.16,43.3 2 0
github.com/FredericoBento/HandGame/internal/database/repository/user_repository.go:44.2,47.18 3 1
github.com/FredericoBento/HandGame/internal/database/repository/user_repository.go:47.18,50.17 3 1
github.com/FredericoBento/HandGame/internal/database/repository/user_repository.go:50.17,53.4 2 0
github.com/FredericoBento/HandGame/internal/database/repository/user_repository.go:54.3,54.30 1 1
github.com/FredericoBento/HandGame/internal/database/repository/user_repository.go:56.2,56.19 1 1
github.com/FredericoBento/HandGame/internal/database/repository/user_repository.go:59.85,61.16 2 0
github.com/FredericoBento/HandGame/internal/database/repository/user_repository.go:61.16,64.3 2 0
github.com/FredericoBento/HandGame/internal/database/repository/user_repository.go:65.2,67.16 3 0
github.com/FredericoBento/HandGame/internal/database/repository/user_repository.go:67.16,68.37 1 0
github.com/FredericoBento/HandGame/internal/database/repository/user_repository.go:68.37,71.4 2 0
github.com/FredericoBento/HandGame/internal/database/repository/user_repository.go:72.3,73.31 2 0
github.com/FredericoBento/HandGame/internal/database/repository/user_repository.go:76.2,78.12 2 0
github.com/FredericoBento/HandGame/internal/database/repository/user_repository.go:81.106,84.16 3 0
github.com/FredericoBento/HandGame/internal/database/repository/user_repository.go:84.16,87.3 2 0
github.com/FredericoBento/HandGame/internal/database/repository/user_repository.go:88.2,90.18 3 0
github.com/FredericoBento/HandGame/internal/database/repository/user_repository.go:90.18,92.3 1 0
github.com/FredericoBento/HandGame/internal/database/repository/user_repository.go:94.2,95.16 2 0
github.com/FredericoBento/HandGame/internal/database/repository/user_repository.go:95.16,98.3 2 0
github.com/FredericoBento/HandGame/internal/database/repository/user_repository.go:100.2,100.19 1 0
github.com/FredericoBento/HandGame/internal/database/sqlite/sqlite.go:5.37,8.43 2 1
github.com/FredericoBento/HandGame/internal/database/sqlite/sqlite.go:8.43,10.3 1 0
github.com/FredericoBento/HandGame/internal/database/sqlite/sqlite.go:12.2,12.12 1 1
github.com/FredericoBento/HandGame/internal/database/sqlite/sqlite.go:15.40,27.2 3 1
github.com/FredericoBento/HandGame/internal/logger/logger.go:27.87,28.16 1 0
github.com/FredericoBento/HandGame/internal/logger/logger.go:28.16,31.3 2 0
github.com/FredericoBento/HandGame/internal/logger/logger.go:33.2,33.47 1 0
github.com/FredericoBento/HandGame/internal/logger/logger.go:36.91,37.16 1 0
github.com/FredericoBento/HandGame/internal/logger/logger.go:37.16,40.3 2 0
github.com/FredericoBento/HandGame/internal/logger/logger.go:42.2,42.47 1 0
github.com/FredericoBento/HandGame/internal/logger/logger.go:46.91,47.16 1 0
github.com/FredericoBento/HandGame/internal/logger/logger.go:47.16,50.3 2 0
github.com/FredericoBento/HandGame/internal/logger/logger.go:52.2,52.47 1 0
github.com/FredericoBento/HandGame/internal/logger/logger.go:56.90,57.16 1 0
github.com/FredericoBento/HandGame/internal/logger/logger.go:57.16,60.3 2 0
github.com/FredericoBento/HandGame/internal/logger/logger.go:62.2,62.47 1 0
github.com/FredericoBento/HandGame/internal/logger/logger.go:65.95,66.16 1 1
github.com/FredericoBento/HandGame/internal/logger/logger.go:66.16,67.17 1 1
github.com/FredericoBento/HandGame/internal/logger/logger.go:68.17,70.24 2 1
github.com/FredericoBento/HandGame/internal/logger/logger.go:75.2,75.47 1 1
github.com/FredericoBento/HandGame/internal/logger/logger.go:78.55,80.16 2 0
github.com/FredericoBento/HandGame/internal/logger/logger.go:80.16,82.3 1 0
github.com/FredericoBento/HandGame/internal/logger/logger.go:84.2,86.63 3 0
github.com/FredericoBento/HandGame/internal/logger/logger.go:86.63,87.17 1 0
github.com/FredericoBento/HandGame/internal/logger/logger.go:87.17,88.12 1 0
github.com/FredericoBento/HandGame/internal/logger/logger.go:90.3,91.17 2 0
github.com/FredericoBento/HandGame/internal/logger/logger.go:91.17,93.4 1 0
github.com/FredericoBento/HandGame/internal/logger/logger.go:94.3,94.30 1 0
github.com/FredericoBento/HandGame/internal/logger/logger.go:97.2,97.18 1 0
github.com/FredericoBento/HandGame/internal/logger/logger.go:100.86,102.16 2 1
github.com/FredericoBento/HandGame/internal/logger/logger.go:102.16,104.3 1 0
github.com/FredericoBento/HandGame/internal/logger/logger.go:106.2,113.19 4 1
github.com/FredericoBento/HandGame/internal/logger/logger.go:113.19,117.3 2 0
[...]
github.com/FredericoBento/HandGame/internal/views/admin_views/app_templ.go:173.3,174.32 2 0
github.com/FredericoBento/HandGame/internal/views/admin_views/app_templ.go:174.32,176.4 1 0
github.com/FredericoBento/HandGame/internal/views/admin_views/app_templ.go:177.3,177.28 1 0
github.com/FredericoBento/HandGame/internal/views/admin_views/app_templ.go:181.60,182.131 1 0
github.com/FredericoBento/HandGame/internal/views/admin_views/app_templ.go:182.131,185.31 3 0
github.com/FredericoBento/HandGame/internal/views/admin_views/app_templ.go:185.31,186.17 1 0
github.com/FredericoBento/HandGame/internal/views/admin_views/app_templ.go:186.17,188.34 2 0
github.com/FredericoBento/HandGame/internal/views/admin_views/app_templ.go:188.34,190.6 1 0
github.com/FredericoBento/HandGame/internal/views/admin_views/app_templ.go:193.3,195.33 3 0
github.com/FredericoBento/HandGame/internal/views/admin_views/app_templ.go:195.33,197.4 1 0
github.com/FredericoBento/HandGame/internal/views/admin_views/app_templ.go:198.3,200.32 3 0
github.com/FredericoBento/HandGame/internal/views/admin_views/app_templ.go:200.32,202.4 1 0
github.com/FredericoBento/HandGame/internal/views/admin_views/app_templ.go:203.3,205.28 2 0
github.com/FredericoBento/HandGame/internal/views/admin_views/app_templ.go:205.28,207.4 1 0
github.com/FredericoBento/HandGame/internal/views/admin_views/app_templ.go:208.3,209.32 2 0
github.com/FredericoBento/HandGame/internal/views/admin_views/app_templ.go:209.32,211.33 2 0
github.com/FredericoBento/HandGame/internal/views/admin_views/app_templ.go:211.33,213.5 1 0
github.com/FredericoBento/HandGame/internal/views/admin_views/app_templ.go:214.4,215.33 2 0
github.com/FredericoBento/HandGame/internal/views/admin_views/app_templ.go:215.33,217.5 1 0
github.com/FredericoBento/HandGame/internal/views/admin_views/app_templ.go:218.4,219.33 2 0
github.com/FredericoBento/HandGame/internal/views/admin_views/app_templ.go:219.33,221.5 1 0
github.com/FredericoBento/HandGame/internal/views/admin_views/app_templ.go:223.3,224.32 2 0
github.com/FredericoBento/HandGame/internal/views/admin_views/app_templ.go:224.32,226.4 1 0
github.com/FredericoBento/HandGame/internal/views/admin_views/app_templ.go:227.3,227.28 1 0
github.com/FredericoBento/HandGame/internal/views/admin_views/dashboard_templ.go:13.57,14.131 1 0
github.com/FredericoBento/HandGame/internal/views/admin_views/dashboard_templ.go:14.131,17.31 3 0
github.com/FredericoBento/HandGame/internal/views/admin_views/dashboard_templ.go:17.31,18.17 1 0
github.com/FredericoBento/HandGame/internal/views/admin_views/dashboard_templ.go:18.17,20.34 2 0
github.com/FredericoBento/HandGame/internal/views/admin_views/dashboard_templ.go:20.34,22.6 1 0
github.com/FredericoBento/HandGame/internal/views/admin_views/dashboard_templ.go:25.3,27.33 3 0
github.com/FredericoBento/HandGame/internal/views/admin_views/dashboard_templ.go:27.33,29.4 1 0
github.com/FredericoBento/HandGame/internal/views/admin_views/dashboard_templ.go:30.3,32.32 3 0
github.com/FredericoBento/HandGame/internal/views/admin_views/dashboard_templ.go:32.32,34.4 1 0
github.com/FredericoBento/HandGame/internal/views/admin_views/dashboard_templ.go:35.3,36.32 2 0
github.com/FredericoBento/HandGame/internal/views/admin_views/dashboard_templ.go:36.32,38.4 1 0
github.com/FredericoBento/HandGame/internal/views/admin_views/dashboard_templ.go:39.3,40.32 2 0
github.com/FredericoBento/HandGame/internal/views/admin_views/dashboard_templ.go:40.32,42.4 1 0
github.com/FredericoBento/HandGame/internal/views/admin_views/dashboard_templ.go:43.3,43.28 1 0
github.com/FredericoBento/HandGame/internal/views/admin_views/users_templ.go:14.54,15.131 1 0
github.com/FredericoBento/HandGame/internal/views/admin_views/users_templ.go:15.131,18.31 3 0
github.com/FredericoBento/HandGame/internal/views/admin_views/users_templ.go:18.31,19.17 1 0
github.com/FredericoBento/HandGame/internal/views/admin_views/users_templ.go:19.17,21.34 2 0
github.com/FredericoBento/HandGame/internal/views/admin_views/users_templ.go:21.34,23.6 1 0
github.com/FredericoBento/HandGame/internal/views/admin_views/users_templ.go:26.3,28.33 3 0
github.com/FredericoBento/HandGame/internal/views/admin_views/users_templ.go:28.33,30.4 1 0
github.com/FredericoBento/HandGame/internal/views/admin_views/users_templ.go:31.3,33.32 3 0
github.com/FredericoBento/HandGame/internal/views/admin_views/users_templ.go:33.32,35.4 1 0
github.com/FredericoBento/HandGame/internal/views/admin_views/users_templ.go:36.3,37.32 2 0
github.com/FredericoBento/HandGame/internal/views/admin_views/users_templ.go:37.32,39.4 1 0
github.com/FredericoBento/HandGame/internal/views/admin_views/users_templ.go:40.3,41.32 2 0
github.com/FredericoBento/HandGame/internal/views/admin_views/users_templ.go:41.32,43.4 1 0
github.com/FredericoBento/HandGame/internal/views/admin_views/users_templ.go:44.3,44.28 1 0
github.com/FredericoBento/HandGame/internal/views/admin_views/users_templ.go:48.65,49.131 1 0
github.com/FredericoBento/HandGame/internal/views/admin_views/users_templ.go:49.131,52.31 3 0
github.com/FredericoBento/HandGame/internal/views/admin_views/users_templ.go:52.31,53.17 1 0
github.com/FredericoBento/HandGame/internal/views/admin_views/users_templ.go:53.17,55.34 2 0
github.com/FredericoBento/HandGame/internal/views/admin_views/users_templ.go:55.34,57.6 1 0
github.com/FredericoBento/HandGame/internal/views/admin_views/users_templ.go:60.3,62.33 3 0
github.com/FredericoBento/HandGame/internal/views/admin_views/users_templ.go:62.33,64.4 1 0
github.com/FredericoBento/HandGame/internal/views/admin_views/users_templ.go:65.3,67.32 3 0
github.com/FredericoBento/HandGame/internal/views/admin_views/users_templ.go:67.32,69.4 1 0
github.com/FredericoBento/HandGame/internal/views/admin_views/users_templ.go:70.3,70.31 1 0
github.com/FredericoBento/HandGame/internal/views/admin_views/users_templ.go:70.31,72.33 2 0
github.com/FredericoBento/HandGame/internal/views/admin_views/users_templ.go:72.33,74.5 1 0
github.com/FredericoBento/HandGame/internal/views/admin_views/users_templ.go:75.4,77.33 3 0
github.com/FredericoBento/HandGame/internal/views/admin_views/users_templ.go:77.33,79.5 1 0
github.com/FredericoBento/HandGame/internal/views/admin_views/users_templ.go:80.4,81.33 2 0
github.com/FredericoBento/HandGame/internal/views/admin_views/users_templ.go:81.33,83.5 1 0
github.com/FredericoBento/HandGame/internal/views/admin_views/users_templ.go:84.4,85.33 2 0
github.com/FredericoBento/HandGame/internal/views/admin_views/users_templ.go:85.33,87.5 1 0
github.com/FredericoBento/HandGame/internal/views/admin_views/users_templ.go:88.4,90.33 3 0
github.com/FredericoBento/HandGame/internal/views/admin_views/users_templ.go:90.33,92.5 1 0
github.com/FredericoBento/HandGame/internal/views/admin_views/users_templ.go:93.4,94.33 2 0
github.com/FredericoBento/HandGame/internal/views/admin_views/users_templ.go:94.33,96.5 1 0
github.com/FredericoBento/HandGame/internal/views/admin_views/users_templ.go:97.4,98.33 2 0
github.com/FredericoBento/HandGame/internal/views/admin_views/users_templ.go:98.33,100.5 1 0
github.com/FredericoBento/HandGame/internal/views/admin_views/users_templ.go:101.4,103.33 3 0
github.com/FredericoBento/HandGame/internal/views/admin_views/users_templ.go:103.33,105.5 1 0
github.com/FredericoBento/HandGame/internal/views/admin_views/users_templ.go:106.4,107.33 2 0
github.com/FredericoBento/HandGame/internal/views/admin_views/users_templ.go:107.33,109.5 1 0
github.com/FredericoBento/HandGame/internal/views/admin_views/users_templ.go:110.4,111.33 2 0
github.com/FredericoBento/HandGame/internal/views/admin_views/users_templ.go:111.33,113.5 1 0
github.com/FredericoBento/HandGame/internal/views/admin_views/users_templ.go:115.3,116.32 2 0
github.com/FredericoBento/HandGame/internal/views/admin_views/users_templ.go:116.32,118.4 1 0
github.com/FredericoBento/HandGame/internal/views/admin_views/users_templ.go:119.3,119.28 1 0
github.com/FredericoBento/HandGame/internal/views/auth_views/sign_in_form_templ.go:11.35,12.131 1 0
github.com/FredericoBento/HandGame/internal/views/auth_views/sign_in_form_templ.go:12.131,15.31 3 0
github.com/FredericoBento/HandGame/internal/views/auth_views/sign_in_form_templ.go:15.31,16.17 1 0
github.com/FredericoBento/HandGame/internal/views/auth_views/sign_in_form_templ.go:16.17,18.34 2 0
github.com/FredericoBento/HandGame/internal/views/auth_views/sign_in_form_templ.go:18.34,20.6 1 0
github.com/FredericoBento/HandGame/internal/views/auth_views/sign_in_form_templ.go:23.3,25.33 3 0
github.com/FredericoBento/HandGame/internal/views/auth_views/sign_in_form_templ.go:25.33,27.4 1 0
github.com/FredericoBento/HandGame/internal/views/auth_views/sign_in_form_templ.go:28.3,30.32 3 0
github.com/FredericoBento/HandGame/internal/views/auth_views/sign_in_form_templ.go:30.32,32.4 1 0
github.com/FredericoBento/HandGame/internal/views/auth_views/sign_in_form_templ.go:33.3,33.28 1 0
github.com/FredericoBento/HandGame/internal/views/auth_views/sign_up_form_templ.go:11.35,12.131 1 0
github.com/FredericoBento/HandGame/internal/views/auth_views/sign_up_form_templ.go:12.131,15.31 3 0
github.com/FredericoBento/HandGame/internal/views/auth_views/sign_up_form_templ.go:15.31,16.17 1 0
github.com/FredericoBento/HandGame/internal/views/auth_views/sign_up_form_templ.go:16.17,18.34 2 0
github.com/FredericoBento/HandGame/internal/views/auth_views/sign_up_form_templ.go:18.34,20.6 1 0
github.com/FredericoBento/HandGame/internal/views/auth_views/sign_up_form_templ.go:23.3,25.33 3 0
github.com/FredericoBento/HandGame/internal/views/auth_views/sign_up_form_templ.go:25.33,27.4 1 0
github.com/FredericoBento/HandGame/internal/views/auth_views/sign_up_form_templ.go:28.3,30.32 3 0
github.com/FredericoBento/HandGame/internal/views/auth_views/sign_up_form_templ.go:30.32,32.4 1 0
github.com/FredericoBento/HandGame/internal/views/auth_views/sign_up_form_templ.go:33.3,33.28 1 0
github.com/FredericoBento/HandGame/internal/views/home_views/index_templ.go:11.29,12.131 1 0
github.com/FredericoBento/HandGame/internal/views/home_views/index_templ.go:12.131,15.31 3 0
github.com/FredericoBento/HandGame/internal/views/home_views/index_templ.go:15.31,16.17 1 0
github.com/FredericoBento/HandGame/internal/views/home_views/index_templ.go:16.17,18.34 2 0
github.com/FredericoBento/HandGame/internal/views/home_views/index_templ.go:18.34,20.6 1 0
github.com/FredericoBento/HandGame/internal/views/home_views/index_templ.go:23.3,25.33 3 0
github.com/FredericoBento/HandGame/internal/views/home_views/index_templ.go:25.33,27.4 1 0
github.com/FredericoBento/HandGame/internal/views/home_views/index_templ.go:28.3,30.32 3 0
github.com/FredericoBento/HandGame/internal/views/home_views/index_templ.go:30.32,32.4 1 0
github.com/FredericoBento/HandGame/internal/views/home_views/index_templ.go:33.3,34.32 2 0
github.com/FredericoBento/HandGame/internal/views/home_views/index_templ.go:34.32,36.4 1 0
github.com/FredericoBento/HandGame/internal/views/home_views/index_templ.go:37.3,38.32 2 0
github.com/FredericoBento/HandGame/internal/views/home_views/index_templ.go:38.32,40.4 1 0
github.com/FredericoBento/HandGame/internal/views/home_views/index_templ.go:41.3,41.28 1 0
github.com/FredericoBento/HandGame/internal/views/home_views/index_templ.go:45.29,46.131 1 0
github.com/FredericoBento/HandGame/internal/views/home_views/index_templ.go:46.131,49.31 3 0
github.com/FredericoBento/HandGame/internal/views/home_views/index_templ.go:49.31,50.17 1 0
github.com/FredericoBento/HandGame/internal/views/home_views/index_templ.go:50.17,52.34 2 0
github.com/FredericoBento/HandGame/internal/views/home_views/index_templ.go:52.34,54.6 1 0
github.com/FredericoBento/HandGame/internal/views/home_views/index_templ.go:57.3,59.33 3 0
github.com/FredericoBento/HandGame/internal/views/home_views/index_templ.go:59.33,61.4 1 0
github.com/FredericoBento/HandGame/internal/views/home_views/index_templ.go:62.3,64.32 3 0
github.com/FredericoBento/HandGame/internal/views/home_views/index_templ.go:64.32,66.4 1 0
github.com/FredericoBento/HandGame/internal/views/home_views/index_templ.go:67.3,67.28 1 0
github.com/FredericoBento/HandGame/internal/views/components/footer_templ.go:11.34,12.131 1 0
github.com/FredericoBento/HandGame/internal/views/components/footer_templ.go:12.131,15.31 3 0
github.com/FredericoBento/HandGame/internal/views/components/footer_templ.go:15.31,16.17 1 0
github.com/FredericoBento/HandGame/internal/views/components/footer_templ.go:16.17,18.34 2 0
github.com/FredericoBento/HandGame/internal/views/components/footer_templ.go:18.34,20.6 1 0
github.com/FredericoBento/HandGame/internal/views/components/footer_templ.go:23.3,25.33 3 0
github.com/FredericoBento/HandGame/internal/views/components/footer_templ.go:25.33,27.4 1 0
github.com/FredericoBento/HandGame/internal/views/components/footer_templ.go:28.3,30.32 3 0
github.com/FredericoBento/HandGame/internal/views/components/footer_templ.go:30.32,32.4 1 0
github.com/FredericoBento/HandGame/internal/views/components/footer_templ.go:33.3,33.28 1 0
github.com/FredericoBento/HandGame/internal/views/components/footer_templ.go:37.31,38.131 1 0
github.com/FredericoBento/HandGame/internal/views/components/footer_templ.go:38.131,41.31 3 0
github.com/FredericoBento/HandGame/internal/views/components/footer_templ.go:41.31,42.17 1 0
github.com/FredericoBento/HandGame/internal/views/components/footer_templ.go:42.17,44.34 2 0
github.com/FredericoBento/HandGame/internal/views/components/footer_templ.go:44.34,46.6 1 0
github.com/FredericoBento/HandGame/internal/views/components/footer_templ.go:49.3,51.33 3 0
github.com/FredericoBento/HandGame/internal/views/components/footer_templ.go:51.33,53.4 1 0
github.com/FredericoBento/HandGame/internal/views/components/footer_templ.go:54.3,56.32 3 0
github.com/FredericoBento/HandGame/internal/views/components/footer_templ.go:56.32,58.4 1 0
github.com/FredericoBento/HandGame/internal/views/components/footer_templ.go:59.3,59.28 1 0
github.com/FredericoBento/HandGame/internal/views/components/head_templ.go:11.29,12.131 1 0
github.com/FredericoBento/HandGame/internal/views/components/head_templ.go:12.131,15.31 3 0
github.com/FredericoBento/HandGame/internal/views/components/head_templ.go:15.31,16.17 1 0
github.com/FredericoBento/HandGame/internal/views/components/head_templ.go:16.17,18.34 2 0
github.com/FredericoBento/HandGame/internal/views/components/head_templ.go:18.34,20.6 1 0
github.com/FredericoBento/HandGame/internal/views/components/head_templ.go:23.3,25.33 3 0
github.com/FredericoBento/HandGame/internal/views/components/head_templ.go:25.33,27.4 1 0
github.com/FredericoBento/HandGame/internal/views/components/head_templ.go:28.3,30.32 3 0
github.com/FredericoBento/HandGame/internal/views/components/head_templ.go:30.32,32.4 1 0
github.com/FredericoBento/HandGame/internal/views/components/head_templ.go:33.3,33.28 1 0
github.com/FredericoBento/HandGame/internal/views/components/header_templ.go:11.80,12.131 1 0
github.com/FredericoBento/HandGame/internal/views/components/header_templ.go:12.131,15.31 3 0
github.com/FredericoBento/HandGame/internal/views/components/header_templ.go:15.31,16.17 1 0
github.com/FredericoBento/HandGame/internal/views/components/header_templ.go:16.17,18.34 2 0
github.com/FredericoBento/HandGame/internal/views/components/header_templ.go:18.34,20.6 1 0
github.com/FredericoBento/HandGame/internal/views/components/header_templ.go:23.3,25.33 3 0
github.com/FredericoBento/HandGame/internal/views/components/header_templ.go:25.33,27.4 1 0
github.com/FredericoBento/HandGame/internal/views/components/header_templ.go:28.3,30.32 3 0
github.com/FredericoBento/HandGame/internal/views/components/header_templ.go:30.32,32.4 1 0
github.com/FredericoBento/HandGame/internal/views/components/header_templ.go:33.3,33.24 1 0
github.com/FredericoBento/HandGame/internal/views/components/header_templ.go:33.24,35.33 2 0
github.com/FredericoBento/HandGame/internal/views/components/header_templ.go:35.33,37.5 1 0
github.com/FredericoBento/HandGame/internal/views/components/header_templ.go:38.9,40.33 2 0
github.com/FredericoBento/HandGame/internal/views/components/header_templ.go:40.33,42.5 1 0
github.com/FredericoBento/HandGame/internal/views/components/header_templ.go:43.4,45.33 3 0
github.com/FredericoBento/HandGame/internal/views/components/header_templ.go:45.33,47.5 1 0
github.com/FredericoBento/HandGame/internal/views/components/header_templ.go:48.4,49.33 2 0
github.com/FredericoBento/HandGame/internal/views/components/header_templ.go:49.33,51.5 1 0
github.com/FredericoBento/HandGame/internal/views/components/header_templ.go:52.4,53.33 2 0
github.com/FredericoBento/HandGame/internal/views/components/header_templ.go:53.33,55.5 1 0
github.com/FredericoBento/HandGame/internal/views/components/header_templ.go:57.3,58.32 2 0
github.com/FredericoBento/HandGame/internal/views/components/header_templ.go:58.32,60.4 1 0
github.com/FredericoBento/HandGame/internal/views/components/header_templ.go:61.3,61.27 1 0
github.com/FredericoBento/HandGame/internal/views/components/header_templ.go:61.27,63.33 2 0
github.com/FredericoBento/HandGame/internal/views/components/header_templ.go:63.33,65.5 1 0
github.com/FredericoBento/HandGame/internal/views/components/header_templ.go:67.3,68.32 2 0
github.com/FredericoBento/HandGame/internal/views/components/header_templ.go:68.32,70.4 1 0
github.com/FredericoBento/HandGame/internal/views/components/header_templ.go:71.3,71.28 1 0
github.com/FredericoBento/HandGame/internal/views/components/header_templ.go:75.60,76.131 1 0
github.com/FredericoBento/HandGame/internal/views/components/header_templ.go:76.131,79.31 3 0
github.com/FredericoBento/HandGame/internal/views/components/header_templ.go:79.31,80.17 1 0
github.com/FredericoBento/HandGame/internal/views/components/header_templ.go:80.17,82.34 2 0
github.com/FredericoBento/HandGame/internal/views/components/header_templ.go:82.34,84.6 1 0
github.com/FredericoBento/HandGame/internal/views/components/header_templ.go:87.3,89.33 3 0
github.com/FredericoBento/HandGame/internal/views/components/header_templ.go:89.33,91.4 1 0
github.com/FredericoBento/HandGame/internal/views/components/header_templ.go:92.3,94.32 3 0
github.com/FredericoBento/HandGame/internal/views/components/header_templ.go:94.32,96.4 1 0
github.com/FredericoBento/HandGame/internal/views/components/header_templ.go:97.3,97.33 1 0
github.com/FredericoBento/HandGame/internal/views/components/header_templ.go:97.33,99.33 2 0
github.com/FredericoBento/HandGame/internal/views/components/header_templ.go:99.33,101.5 1 0
github.com/FredericoBento/HandGame/internal/views/components/header_templ.go:102.4,104.33 3 0
github.com/FredericoBento/HandGame/internal/views/components/header_templ.go:104.33,106.5 1 0
github.com/FredericoBento/HandGame/internal/views/components/header_templ.go:107.4,108.33 2 0
github.com/FredericoBento/HandGame/internal/views/components/header_templ.go:108.33,110.5 1 0
github.com/FredericoBento/HandGame/internal/views/components/header_templ.go:111.4,112.33 2 0
github.com/FredericoBento/HandGame/internal/views/components/header_templ.go:112.33,114.5 1 0
github.com/FredericoBento/HandGame/internal/views/components/header_templ.go:115.4,117.33 3 0
github.com/FredericoBento/HandGame/internal/views/components/header_templ.go:117.33,119.5 1 0
github.com/FredericoBento/HandGame/internal/views/components/header_templ.go:120.4,121.33 2 0
github.com/FredericoBento/HandGame/internal/views/components/header_templ.go:121.33,123.5 1 0
github.com/FredericoBento/HandGame/internal/views/components/header_templ.go:124.4,125.33 2 0
github.com/FredericoBento/HandGame/internal/views/components/header_templ.go:125.33,127.5 1 0
github.com/FredericoBento/HandGame/internal/views/components/header_templ.go:129.3,130.32 2 0
github.com/FredericoBento/HandGame/internal/views/components/header_templ.go:130.32,132.4 1 0
github.com/FredericoBento/HandGame/internal/views/components/header_templ.go:133.3,133.28 1 0
